\BOOKMARK [0][-]{chapter.1}{\376\377\000M\000a\000i\000n\000\040\000P\000a\000g\000e}{}
\BOOKMARK [0][-]{chapter.2}{\376\377\000N\000a\000m\000e\000s\000p\000a\000c\000e\000\040\000I\000n\000d\000e\000x}{}
\BOOKMARK [1][-]{section.2.1}{\376\377\000N\000a\000m\000e\000s\000p\000a\000c\000e\000\040\000L\000i\000s\000t}{chapter.2}
\BOOKMARK [0][-]{chapter.3}{\376\377\000H\000i\000e\000r\000a\000r\000c\000h\000i\000c\000a\000l\000\040\000I\000n\000d\000e\000x}{}
\BOOKMARK [1][-]{section.3.1}{\376\377\000C\000l\000a\000s\000s\000\040\000H\000i\000e\000r\000a\000r\000c\000h\000y}{chapter.3}
\BOOKMARK [0][-]{chapter.4}{\376\377\000C\000l\000a\000s\000s\000\040\000I\000n\000d\000e\000x}{}
\BOOKMARK [1][-]{section.4.1}{\376\377\000C\000l\000a\000s\000s\000\040\000L\000i\000s\000t}{chapter.4}
\BOOKMARK [0][-]{chapter.5}{\376\377\000F\000i\000l\000e\000\040\000I\000n\000d\000e\000x}{}
\BOOKMARK [1][-]{section.5.1}{\376\377\000F\000i\000l\000e\000\040\000L\000i\000s\000t}{chapter.5}
\BOOKMARK [0][-]{chapter.6}{\376\377\000N\000a\000m\000e\000s\000p\000a\000c\000e\000\040\000D\000o\000c\000u\000m\000e\000n\000t\000a\000t\000i\000o\000n}{}
\BOOKMARK [1][-]{section.6.1}{\376\377\000s\000t\000d\000\040\000N\000a\000m\000e\000s\000p\000a\000c\000e\000\040\000R\000e\000f\000e\000r\000e\000n\000c\000e}{chapter.6}
\BOOKMARK [1][-]{section.6.2}{\376\377\000T\000i\000m\000i\000n\000g\000\137\000A\000n\000a\000l\000y\000s\000i\000s\000\040\000N\000a\000m\000e\000s\000p\000a\000c\000e\000\040\000R\000e\000f\000e\000r\000e\000n\000c\000e}{chapter.6}
\BOOKMARK [2][-]{subsection.6.2.1}{\376\377\000D\000e\000t\000a\000i\000l\000e\000d\000\040\000D\000e\000s\000c\000r\000i\000p\000t\000i\000o\000n}{section.6.2}
\BOOKMARK [2][-]{subsection.6.2.2}{\376\377\000E\000n\000u\000m\000e\000r\000a\000t\000i\000o\000n\000\040\000T\000y\000p\000e\000\040\000D\000o\000c\000u\000m\000e\000n\000t\000a\000t\000i\000o\000n}{section.6.2}
\BOOKMARK [3][-]{subsubsection.6.2.2.1}{\376\377\000T\000i\000m\000i\000n\000g\000\137\000P\000o\000i\000n\000t\000\137\000T\000y\000p\000e}{subsection.6.2.2}
\BOOKMARK [0][-]{chapter.7}{\376\377\000C\000l\000a\000s\000s\000\040\000D\000o\000c\000u\000m\000e\000n\000t\000a\000t\000i\000o\000n}{}
\BOOKMARK [1][-]{section.7.1}{\376\377\000S\000p\000e\000f\000N\000e\000t\000I\000S\000P\000D\0002\0000\0001\0003\000:\000:\000C\000a\000p\000a\000c\000i\000t\000o\000r\000\040\000S\000t\000r\000u\000c\000t\000\040\000R\000e\000f\000e\000r\000e\000n\000c\000e}{chapter.7}
\BOOKMARK [2][-]{subsection.7.1.1}{\376\377\000D\000e\000t\000a\000i\000l\000e\000d\000\040\000D\000e\000s\000c\000r\000i\000p\000t\000i\000o\000n}{section.7.1}
\BOOKMARK [2][-]{subsection.7.1.2}{\376\377\000C\000o\000n\000s\000t\000r\000u\000c\000t\000o\000r\000\040\000\046\000\040\000D\000e\000s\000t\000r\000u\000c\000t\000o\000r\000\040\000D\000o\000c\000u\000m\000e\000n\000t\000a\000t\000i\000o\000n}{section.7.1}
\BOOKMARK [3][-]{subsubsection.7.1.2.1}{\376\377\000C\000a\000p\000a\000c\000i\000t\000o\000r}{subsection.7.1.2}
\BOOKMARK [2][-]{subsection.7.1.3}{\376\377\000M\000e\000m\000b\000e\000r\000\040\000D\000a\000t\000a\000\040\000D\000o\000c\000u\000m\000e\000n\000t\000a\000t\000i\000o\000n}{section.7.1}
\BOOKMARK [3][-]{subsubsection.7.1.3.1}{\376\377\000n\000o\000d\000e}{subsection.7.1.3}
\BOOKMARK [3][-]{subsubsection.7.1.3.2}{\376\377\000v\000a\000l\000u\000e}{subsection.7.1.3}
\BOOKMARK [1][-]{section.7.2}{\376\377\000C\000i\000r\000c\000u\000i\000t\000\137\000N\000e\000t\000l\000i\000s\000t\000\040\000C\000l\000a\000s\000s\000\040\000R\000e\000f\000e\000r\000e\000n\000c\000e}{chapter.7}
\BOOKMARK [2][-]{subsection.7.2.1}{\376\377\000D\000e\000t\000a\000i\000l\000e\000d\000\040\000D\000e\000s\000c\000r\000i\000p\000t\000i\000o\000n}{section.7.2}
\BOOKMARK [2][-]{subsection.7.2.2}{\376\377\000C\000o\000n\000s\000t\000r\000u\000c\000t\000o\000r\000\040\000\046\000\040\000D\000e\000s\000t\000r\000u\000c\000t\000o\000r\000\040\000D\000o\000c\000u\000m\000e\000n\000t\000a\000t\000i\000o\000n}{section.7.2}
\BOOKMARK [3][-]{subsubsection.7.2.2.1}{\376\377\000C\000i\000r\000c\000u\000i\000t\000\137\000N\000e\000t\000l\000i\000s\000t}{subsection.7.2.2}
\BOOKMARK [3][-]{subsubsection.7.2.2.2}{\376\377\000C\000i\000r\000c\000u\000i\000t\000\137\000N\000e\000t\000l\000i\000s\000t}{subsection.7.2.2}
\BOOKMARK [2][-]{subsection.7.2.3}{\376\377\000M\000e\000m\000b\000e\000r\000\040\000F\000u\000n\000c\000t\000i\000o\000n\000\040\000D\000o\000c\000u\000m\000e\000n\000t\000a\000t\000i\000o\000n}{section.7.2}
\BOOKMARK [3][-]{subsubsection.7.2.3.1}{\376\377\000a\000d\000d\000C\000e\000l\000l\000I\000n\000s\000t}{subsection.7.2.3}
\BOOKMARK [3][-]{subsubsection.7.2.3.2}{\376\377\000g\000e\000t\000\137\000n\000e\000t\000\137\000t\000o\000p\000o\000l\000o\000g\000i\000c\000\137\000i\000n\000d\000e\000x}{subsection.7.2.3}
\BOOKMARK [3][-]{subsubsection.7.2.3.3}{\376\377\000g\000e\000t\000G\000a\000t\000e}{subsection.7.2.3}
\BOOKMARK [3][-]{subsubsection.7.2.3.4}{\376\377\000g\000e\000t\000G\000a\000t\000e\000s\000S\000i\000z\000e}{subsection.7.2.3}
\BOOKMARK [3][-]{subsubsection.7.2.3.5}{\376\377\000g\000e\000t\000G\000a\000t\000e\000T}{subsection.7.2.3}
\BOOKMARK [3][-]{subsubsection.7.2.3.6}{\376\377\000g\000e\000t\000N\000e\000t}{subsection.7.2.3}
\BOOKMARK [3][-]{subsubsection.7.2.3.7}{\376\377\000g\000e\000t\000N\000e\000t\000s\000S\000i\000z\000e}{subsection.7.2.3}
\BOOKMARK [3][-]{subsubsection.7.2.3.8}{\376\377\000g\000e\000t\000N\000e\000t\000T}{subsection.7.2.3}
\BOOKMARK [3][-]{subsubsection.7.2.3.9}{\376\377\000g\000e\000t\000T\000o\000p\000o\000l\000o\000g\000i\000c\000I\000n\000d\000e\000x}{subsection.7.2.3}
\BOOKMARK [3][-]{subsubsection.7.2.3.10}{\376\377\000t\000i\000m\000i\000n\000g\000\137\000a\000r\000c\000s}{subsection.7.2.3}
\BOOKMARK [3][-]{subsubsection.7.2.3.11}{\376\377\000t\000i\000m\000i\000n\000g\000\137\000p\000o\000i\000n\000t\000s}{subsection.7.2.3}
\BOOKMARK [3][-]{subsubsection.7.2.3.12}{\376\377\000u\000p\000d\000a\000t\000e\000T\000o\000p\000o\000l\000o\000g\000y}{subsection.7.2.3}
\BOOKMARK [3][-]{subsubsection.7.2.3.13}{\376\377\000v\000e\000r\000i\000l\000o\000g}{subsection.7.2.3}
\BOOKMARK [2][-]{subsection.7.2.4}{\376\377\000F\000r\000i\000e\000n\000d\000s\000\040\000A\000n\000d\000\040\000R\000e\000l\000a\000t\000e\000d\000\040\000F\000u\000n\000c\000t\000i\000o\000n\000\040\000D\000o\000c\000u\000m\000e\000n\000t\000a\000t\000i\000o\000n}{section.7.2}
\BOOKMARK [3][-]{subsubsection.7.2.4.1}{\376\377\000o\000p\000e\000r\000a\000t\000o\000r\000<\000<}{subsection.7.2.4}
\BOOKMARK [3][-]{subsubsection.7.2.4.2}{\376\377\000o\000p\000e\000r\000a\000t\000o\000r\000<\000<}{subsection.7.2.4}
\BOOKMARK [3][-]{subsubsection.7.2.4.3}{\376\377\000o\000p\000e\000r\000a\000t\000o\000r\000<\000<}{subsection.7.2.4}
\BOOKMARK [3][-]{subsubsection.7.2.4.4}{\376\377\000o\000p\000e\000r\000a\000t\000o\000r\000<\000<}{subsection.7.2.4}
\BOOKMARK [1][-]{section.7.3}{\376\377\000D\000e\000s\000i\000g\000n\000\137\000C\000o\000n\000s\000t\000r\000a\000i\000n\000t\000s\000\040\000C\000l\000a\000s\000s\000\040\000R\000e\000f\000e\000r\000e\000n\000c\000e}{chapter.7}
\BOOKMARK [2][-]{subsection.7.3.1}{\376\377\000D\000e\000t\000a\000i\000l\000e\000d\000\040\000D\000e\000s\000c\000r\000i\000p\000t\000i\000o\000n}{section.7.3}
\BOOKMARK [2][-]{subsection.7.3.2}{\376\377\000M\000e\000m\000b\000e\000r\000\040\000F\000u\000n\000c\000t\000i\000o\000n\000\040\000D\000o\000c\000u\000m\000e\000n\000t\000a\000t\000i\000o\000n}{section.7.3}
\BOOKMARK [3][-]{subsubsection.7.3.2.1}{\376\377\000c\000l\000o\000c\000k}{subsection.7.3.2}
\BOOKMARK [3][-]{subsubsection.7.3.2.2}{\376\377\000c\000l\000o\000c\000k}{subsection.7.3.2}
\BOOKMARK [3][-]{subsubsection.7.3.2.3}{\376\377\000d\000r\000i\000v\000i\000n\000g\000\137\000c\000e\000l\000l}{subsection.7.3.2}
\BOOKMARK [3][-]{subsubsection.7.3.2.4}{\376\377\000d\000r\000i\000v\000i\000n\000g\000\137\000c\000e\000l\000l}{subsection.7.3.2}
\BOOKMARK [3][-]{subsubsection.7.3.2.5}{\376\377\000i\000n\000p\000u\000t\000\137\000d\000e\000l\000a\000y}{subsection.7.3.2}
\BOOKMARK [3][-]{subsubsection.7.3.2.6}{\376\377\000i\000n\000p\000u\000t\000\137\000d\000e\000l\000a\000y}{subsection.7.3.2}
\BOOKMARK [3][-]{subsubsection.7.3.2.7}{\376\377\000i\000n\000p\000u\000t\000\137\000t\000r\000a\000n\000s\000i\000t\000i\000o\000n}{subsection.7.3.2}
\BOOKMARK [3][-]{subsubsection.7.3.2.8}{\376\377\000i\000n\000p\000u\000t\000\137\000t\000r\000a\000n\000s\000i\000t\000i\000o\000n}{subsection.7.3.2}
\BOOKMARK [3][-]{subsubsection.7.3.2.9}{\376\377\000o\000u\000t\000p\000u\000t\000\137\000d\000e\000l\000a\000y}{subsection.7.3.2}
\BOOKMARK [3][-]{subsubsection.7.3.2.10}{\376\377\000o\000u\000t\000p\000u\000t\000\137\000d\000e\000l\000a\000y}{subsection.7.3.2}
\BOOKMARK [3][-]{subsubsection.7.3.2.11}{\376\377\000o\000u\000t\000p\000u\000t\000\137\000l\000o\000a\000d}{subsection.7.3.2}
\BOOKMARK [3][-]{subsubsection.7.3.2.12}{\376\377\000o\000u\000t\000p\000u\000t\000\137\000l\000o\000a\000d}{subsection.7.3.2}
\BOOKMARK [3][-]{subsubsection.7.3.2.13}{\376\377\000o\000u\000t\000p\000u\000t\000\137\000l\000o\000a\000d\000s\000\137\000s\000i\000z\000e}{subsection.7.3.2}
\BOOKMARK [1][-]{section.7.4}{\376\377\000T\000i\000m\000i\000n\000g\000\137\000A\000n\000a\000l\000y\000s\000i\000s\000:\000:\000E\000d\000g\000e\000<\000\040\000T\000\040\000>\000\040\000C\000l\000a\000s\000s\000\040\000T\000e\000m\000p\000l\000a\000t\000e\000\040\000R\000e\000f\000e\000r\000e\000n\000c\000e}{chapter.7}
\BOOKMARK [2][-]{subsection.7.4.1}{\376\377\000D\000e\000t\000a\000i\000l\000e\000d\000\040\000D\000e\000s\000c\000r\000i\000p\000t\000i\000o\000n}{section.7.4}
\BOOKMARK [2][-]{subsection.7.4.2}{\376\377\000C\000o\000n\000s\000t\000r\000u\000c\000t\000o\000r\000\040\000\046\000\040\000D\000e\000s\000t\000r\000u\000c\000t\000o\000r\000\040\000D\000o\000c\000u\000m\000e\000n\000t\000a\000t\000i\000o\000n}{section.7.4}
\BOOKMARK [3][-]{subsubsection.7.4.2.1}{\376\377\000E\000d\000g\000e}{subsection.7.4.2}
\BOOKMARK [2][-]{subsection.7.4.3}{\376\377\000M\000e\000m\000b\000e\000r\000\040\000F\000u\000n\000c\000t\000i\000o\000n\000\040\000D\000o\000c\000u\000m\000e\000n\000t\000a\000t\000i\000o\000n}{section.7.4}
\BOOKMARK [3][-]{subsubsection.7.4.3.1}{\376\377\000a\000d\000d\000\137\000f\000a\000n\000o\000u\000t}{subsection.7.4.3}
\BOOKMARK [3][-]{subsubsection.7.4.3.2}{\376\377\000f\000a\000n\000o\000u\000t\000s\000\137\000s\000i\000z\000e}{subsection.7.4.3}
\BOOKMARK [3][-]{subsubsection.7.4.3.3}{\376\377\000f\000r\000o\000m}{subsection.7.4.3}
\BOOKMARK [3][-]{subsubsection.7.4.3.4}{\376\377\000s\000e\000t\000\137\000f\000a\000n\000o\000u\000t}{subsection.7.4.3}
\BOOKMARK [2][-]{subsection.7.4.4}{\376\377\000M\000e\000m\000b\000e\000r\000\040\000D\000a\000t\000a\000\040\000D\000o\000c\000u\000m\000e\000n\000t\000a\000t\000i\000o\000n}{section.7.4}
\BOOKMARK [3][-]{subsubsection.7.4.4.1}{\376\377\000\137\000f\000r\000o\000m}{subsection.7.4.4}
\BOOKMARK [3][-]{subsubsection.7.4.4.2}{\376\377\000\137\000t\000o}{subsection.7.4.4}
\BOOKMARK [1][-]{section.7.5}{\376\377\000I\000F\000<\000\040\000c\000o\000n\000d\000,\000\040\000T\000h\000e\000n\000T\000y\000p\000e\000,\000\040\000E\000l\000s\000e\000T\000y\000p\000e\000\040\000>\000\040\000S\000t\000r\000u\000c\000t\000\040\000T\000e\000m\000p\000l\000a\000t\000e\000\040\000R\000e\000f\000e\000r\000e\000n\000c\000e}{chapter.7}
\BOOKMARK [2][-]{subsection.7.5.1}{\376\377\000D\000e\000t\000a\000i\000l\000e\000d\000\040\000D\000e\000s\000c\000r\000i\000p\000t\000i\000o\000n}{section.7.5}
\BOOKMARK [2][-]{subsection.7.5.2}{\376\377\000M\000e\000m\000b\000e\000r\000\040\000T\000y\000p\000e\000d\000e\000f\000\040\000D\000o\000c\000u\000m\000e\000n\000t\000a\000t\000i\000o\000n}{section.7.5}
\BOOKMARK [3][-]{subsubsection.7.5.2.1}{\376\377\000R\000E\000T}{subsection.7.5.2}
\BOOKMARK [1][-]{section.7.6}{\376\377\000I\000F\000<\000\040\000f\000a\000l\000s\000e\000,\000\040\000T\000h\000e\000n\000T\000y\000p\000e\000,\000\040\000E\000l\000s\000e\000T\000y\000p\000e\000\040\000>\000\040\000S\000t\000r\000u\000c\000t\000\040\000T\000e\000m\000p\000l\000a\000t\000e\000\040\000R\000e\000f\000e\000r\000e\000n\000c\000e}{chapter.7}
\BOOKMARK [2][-]{subsection.7.6.1}{\376\377\000D\000e\000t\000a\000i\000l\000e\000d\000\040\000D\000e\000s\000c\000r\000i\000p\000t\000i\000o\000n}{section.7.6}
\BOOKMARK [2][-]{subsection.7.6.2}{\376\377\000M\000e\000m\000b\000e\000r\000\040\000T\000y\000p\000e\000d\000e\000f\000\040\000D\000o\000c\000u\000m\000e\000n\000t\000a\000t\000i\000o\000n}{section.7.6}
\BOOKMARK [3][-]{subsubsection.7.6.2.1}{\376\377\000R\000E\000T}{subsection.7.6.2}
\BOOKMARK [1][-]{section.7.7}{\376\377\000L\000i\000b\000e\000r\000t\000y\000C\000e\000l\000l\000I\000n\000f\000o\000\040\000S\000t\000r\000u\000c\000t\000\040\000R\000e\000f\000e\000r\000e\000n\000c\000e}{chapter.7}
\BOOKMARK [2][-]{subsection.7.7.1}{\376\377\000D\000e\000t\000a\000i\000l\000e\000d\000\040\000D\000e\000s\000c\000r\000i\000p\000t\000i\000o\000n}{section.7.7}
\BOOKMARK [2][-]{subsection.7.7.2}{\376\377\000C\000o\000n\000s\000t\000r\000u\000c\000t\000o\000r\000\040\000\046\000\040\000D\000e\000s\000t\000r\000u\000c\000t\000o\000r\000\040\000D\000o\000c\000u\000m\000e\000n\000t\000a\000t\000i\000o\000n}{section.7.7}
\BOOKMARK [3][-]{subsubsection.7.7.2.1}{\376\377\000L\000i\000b\000e\000r\000t\000y\000C\000e\000l\000l\000I\000n\000f\000o}{subsection.7.7.2}
\BOOKMARK [2][-]{subsection.7.7.3}{\376\377\000M\000e\000m\000b\000e\000r\000\040\000D\000a\000t\000a\000\040\000D\000o\000c\000u\000m\000e\000n\000t\000a\000t\000i\000o\000n}{section.7.7}
\BOOKMARK [3][-]{subsubsection.7.7.3.1}{\376\377\000a\000r\000e\000a}{subsection.7.7.3}
\BOOKMARK [3][-]{subsubsection.7.7.3.2}{\376\377\000d\000o\000n\000t\000T\000o\000u\000c\000h}{subsection.7.7.3}
\BOOKMARK [3][-]{subsubsection.7.7.3.3}{\376\377\000f\000o\000o\000t\000p\000r\000i\000n\000t}{subsection.7.7.3}
\BOOKMARK [3][-]{subsubsection.7.7.3.4}{\376\377\000i\000s\000S\000e\000q\000u\000e\000n\000t\000i\000a\000l}{subsection.7.7.3}
\BOOKMARK [3][-]{subsubsection.7.7.3.5}{\376\377\000l\000e\000a\000k\000a\000g\000e\000P\000o\000w\000e\000r}{subsection.7.7.3}
\BOOKMARK [3][-]{subsubsection.7.7.3.6}{\376\377\000n\000a\000m\000e}{subsection.7.7.3}
\BOOKMARK [3][-]{subsubsection.7.7.3.7}{\376\377\000p\000i\000n\000s}{subsection.7.7.3}
\BOOKMARK [3][-]{subsubsection.7.7.3.8}{\376\377\000p\000r\000i\000m\000a\000r\000y\000O\000u\000t\000p\000u\000t}{subsection.7.7.3}
\BOOKMARK [3][-]{subsubsection.7.7.3.9}{\376\377\000t\000i\000m\000i\000n\000g\000A\000r\000c\000s}{subsection.7.7.3}
\BOOKMARK [1][-]{section.7.8}{\376\377\000L\000i\000b\000e\000r\000t\000y\000L\000i\000b\000r\000a\000r\000y\000\040\000C\000l\000a\000s\000s\000\040\000R\000e\000f\000e\000r\000e\000n\000c\000e}{chapter.7}
\BOOKMARK [2][-]{subsection.7.8.1}{\376\377\000D\000e\000t\000a\000i\000l\000e\000d\000\040\000D\000e\000s\000c\000r\000i\000p\000t\000i\000o\000n}{section.7.8}
\BOOKMARK [2][-]{subsection.7.8.2}{\376\377\000C\000o\000n\000s\000t\000r\000u\000c\000t\000o\000r\000\040\000\046\000\040\000D\000e\000s\000t\000r\000u\000c\000t\000o\000r\000\040\000D\000o\000c\000u\000m\000e\000n\000t\000a\000t\000i\000o\000n}{section.7.8}
\BOOKMARK [3][-]{subsubsection.7.8.2.1}{\376\377\000L\000i\000b\000e\000r\000t\000y\000L\000i\000b\000r\000a\000r\000y}{subsection.7.8.2}
\BOOKMARK [3][-]{subsubsection.7.8.2.2}{\376\377\000L\000i\000b\000e\000r\000t\000y\000L\000i\000b\000r\000a\000r\000y}{subsection.7.8.2}
\BOOKMARK [2][-]{subsection.7.8.3}{\376\377\000M\000e\000m\000b\000e\000r\000\040\000F\000u\000n\000c\000t\000i\000o\000n\000\040\000D\000o\000c\000u\000m\000e\000n\000t\000a\000t\000i\000o\000n}{section.7.8}
\BOOKMARK [3][-]{subsubsection.7.8.3.1}{\376\377\000a\000d\000d\000C\000e\000l\000l\000I\000n\000f\000o}{subsection.7.8.3}
\BOOKMARK [3][-]{subsubsection.7.8.3.2}{\376\377\000g\000e\000t\000C\000e\000l\000l\000I\000n\000d\000e\000x}{subsection.7.8.3}
\BOOKMARK [3][-]{subsubsection.7.8.3.3}{\376\377\000g\000e\000t\000C\000e\000l\000l\000I\000n\000f\000o}{subsection.7.8.3}
\BOOKMARK [3][-]{subsubsection.7.8.3.4}{\376\377\000g\000e\000t\000C\000e\000l\000l\000I\000n\000f\000o}{subsection.7.8.3}
\BOOKMARK [3][-]{subsubsection.7.8.3.5}{\376\377\000g\000e\000t\000C\000e\000l\000l\000I\000n\000f\000o}{subsection.7.8.3}
\BOOKMARK [3][-]{subsubsection.7.8.3.6}{\376\377\000g\000e\000t\000M\000a\000x\000T\000r\000a\000n\000s\000i\000t\000i\000o\000n}{subsection.7.8.3}
\BOOKMARK [3][-]{subsubsection.7.8.3.7}{\376\377\000n\000u\000m\000b\000e\000r\000\137\000o\000f\000\137\000o\000p\000t\000i\000o\000n\000s}{subsection.7.8.3}
\BOOKMARK [1][-]{section.7.9}{\376\377\000L\000i\000b\000e\000r\000t\000y\000L\000o\000o\000k\000u\000p\000T\000a\000b\000l\000e\000\040\000S\000t\000r\000u\000c\000t\000\040\000R\000e\000f\000e\000r\000e\000n\000c\000e}{chapter.7}
\BOOKMARK [2][-]{subsection.7.9.1}{\376\377\000D\000e\000t\000a\000i\000l\000e\000d\000\040\000D\000e\000s\000c\000r\000i\000p\000t\000i\000o\000n}{section.7.9}
\BOOKMARK [2][-]{subsection.7.9.2}{\376\377\000M\000e\000m\000b\000e\000r\000\040\000D\000a\000t\000a\000\040\000D\000o\000c\000u\000m\000e\000n\000t\000a\000t\000i\000o\000n}{section.7.9}
\BOOKMARK [3][-]{subsubsection.7.9.2.1}{\376\377\000l\000o\000a\000d\000I\000n\000d\000i\000c\000e\000s}{subsection.7.9.2}
\BOOKMARK [3][-]{subsubsection.7.9.2.2}{\376\377\000t\000a\000b\000l\000e\000V\000a\000l\000s}{subsection.7.9.2}
\BOOKMARK [3][-]{subsubsection.7.9.2.3}{\376\377\000t\000r\000a\000n\000s\000i\000t\000i\000o\000n\000I\000n\000d\000i\000c\000e\000s}{subsection.7.9.2}
\BOOKMARK [1][-]{section.7.10}{\376\377\000L\000i\000b\000e\000r\000t\000y\000L\000o\000o\000k\000u\000p\000T\000a\000b\000l\000e\000I\000n\000t\000e\000r\000p\000o\000l\000a\000t\000o\000r\000\040\000C\000l\000a\000s\000s\000\040\000R\000e\000f\000e\000r\000e\000n\000c\000e}{chapter.7}
\BOOKMARK [2][-]{subsection.7.10.1}{\376\377\000D\000e\000t\000a\000i\000l\000e\000d\000\040\000D\000e\000s\000c\000r\000i\000p\000t\000i\000o\000n}{section.7.10}
\BOOKMARK [2][-]{subsection.7.10.2}{\376\377\000M\000e\000m\000b\000e\000r\000\040\000F\000u\000n\000c\000t\000i\000o\000n\000\040\000D\000o\000c\000u\000m\000e\000n\000t\000a\000t\000i\000o\000n}{section.7.10}
\BOOKMARK [3][-]{subsubsection.7.10.2.1}{\376\377\000i\000n\000t\000e\000r\000p\000o\000l\000a\000t\000e}{subsection.7.10.2}
\BOOKMARK [3][-]{subsubsection.7.10.2.2}{\376\377\000i\000n\000t\000e\000r\000p\000o\000l\000a\000t\000e}{subsection.7.10.2}
\BOOKMARK [3][-]{subsubsection.7.10.2.3}{\376\377\000r\000o\000u\000n\000d}{subsection.7.10.2}
\BOOKMARK [2][-]{subsection.7.10.3}{\376\377\000M\000e\000m\000b\000e\000r\000\040\000D\000a\000t\000a\000\040\000D\000o\000c\000u\000m\000e\000n\000t\000a\000t\000i\000o\000n}{section.7.10}
\BOOKMARK [3][-]{subsubsection.7.10.3.1}{\376\377\000D\000E\000F\000A\000U\000L\000T\000\137\000D\000E\000C\000I\000M\000A\000L\000\137\000P\000L\000A\000C\000E\000S}{subsection.7.10.3}
\BOOKMARK [1][-]{section.7.11}{\376\377\000L\000i\000b\000e\000r\000t\000y\000P\000a\000r\000s\000e\000r\000\040\000C\000l\000a\000s\000s\000\040\000R\000e\000f\000e\000r\000e\000n\000c\000e}{chapter.7}
\BOOKMARK [2][-]{subsection.7.11.1}{\376\377\000D\000e\000t\000a\000i\000l\000e\000d\000\040\000D\000e\000s\000c\000r\000i\000p\000t\000i\000o\000n}{section.7.11}
\BOOKMARK [2][-]{subsection.7.11.2}{\376\377\000M\000e\000m\000b\000e\000r\000\040\000F\000u\000n\000c\000t\000i\000o\000n\000\040\000D\000o\000c\000u\000m\000e\000n\000t\000a\000t\000i\000o\000n}{section.7.11}
\BOOKMARK [3][-]{subsubsection.7.11.2.1}{\376\377\000r\000e\000a\000d\000F\000i\000l\000e}{subsection.7.11.2}
\BOOKMARK [1][-]{section.7.12}{\376\377\000L\000i\000b\000e\000r\000t\000y\000P\000i\000n\000I\000n\000f\000o\000\040\000S\000t\000r\000u\000c\000t\000\040\000R\000e\000f\000e\000r\000e\000n\000c\000e}{chapter.7}
\BOOKMARK [2][-]{subsection.7.12.1}{\376\377\000D\000e\000t\000a\000i\000l\000e\000d\000\040\000D\000e\000s\000c\000r\000i\000p\000t\000i\000o\000n}{section.7.12}
\BOOKMARK [2][-]{subsection.7.12.2}{\376\377\000C\000o\000n\000s\000t\000r\000u\000c\000t\000o\000r\000\040\000\046\000\040\000D\000e\000s\000t\000r\000u\000c\000t\000o\000r\000\040\000D\000o\000c\000u\000m\000e\000n\000t\000a\000t\000i\000o\000n}{section.7.12}
\BOOKMARK [3][-]{subsubsection.7.12.2.1}{\376\377\000L\000i\000b\000e\000r\000t\000y\000P\000i\000n\000I\000n\000f\000o}{subsection.7.12.2}
\BOOKMARK [2][-]{subsection.7.12.3}{\376\377\000M\000e\000m\000b\000e\000r\000\040\000D\000a\000t\000a\000\040\000D\000o\000c\000u\000m\000e\000n\000t\000a\000t\000i\000o\000n}{section.7.12}
\BOOKMARK [3][-]{subsubsection.7.12.3.1}{\376\377\000c\000a\000p\000a\000c\000i\000t\000a\000n\000c\000e}{subsection.7.12.3}
\BOOKMARK [3][-]{subsubsection.7.12.3.2}{\376\377\000i\000s\000C\000l\000o\000c\000k}{subsection.7.12.3}
\BOOKMARK [3][-]{subsubsection.7.12.3.3}{\376\377\000i\000s\000I\000n\000p\000u\000t}{subsection.7.12.3}
\BOOKMARK [3][-]{subsubsection.7.12.3.4}{\376\377\000m\000a\000x\000C\000a\000p\000a\000c\000i\000t\000a\000n\000c\000e}{subsection.7.12.3}
\BOOKMARK [3][-]{subsubsection.7.12.3.5}{\376\377\000n\000a\000m\000e}{subsection.7.12.3}
\BOOKMARK [1][-]{section.7.13}{\376\377\000L\000i\000b\000e\000r\000t\000y\000T\000i\000m\000i\000n\000g\000I\000n\000f\000o\000\040\000S\000t\000r\000u\000c\000t\000\040\000R\000e\000f\000e\000r\000e\000n\000c\000e}{chapter.7}
\BOOKMARK [2][-]{subsection.7.13.1}{\376\377\000D\000e\000t\000a\000i\000l\000e\000d\000\040\000D\000e\000s\000c\000r\000i\000p\000t\000i\000o\000n}{section.7.13}
\BOOKMARK [2][-]{subsection.7.13.2}{\376\377\000M\000e\000m\000b\000e\000r\000\040\000D\000a\000t\000a\000\040\000D\000o\000c\000u\000m\000e\000n\000t\000a\000t\000i\000o\000n}{section.7.13}
\BOOKMARK [3][-]{subsubsection.7.13.2.1}{\376\377\000f\000a\000l\000l\000D\000e\000l\000a\000y}{subsection.7.13.2}
\BOOKMARK [3][-]{subsubsection.7.13.2.2}{\376\377\000f\000a\000l\000l\000T\000r\000a\000n\000s\000i\000t\000i\000o\000n}{subsection.7.13.2}
\BOOKMARK [3][-]{subsubsection.7.13.2.3}{\376\377\000f\000r\000o\000m\000P\000i\000n}{subsection.7.13.2}
\BOOKMARK [3][-]{subsubsection.7.13.2.4}{\376\377\000r\000i\000s\000e\000D\000e\000l\000a\000y}{subsection.7.13.2}
\BOOKMARK [3][-]{subsubsection.7.13.2.5}{\376\377\000r\000i\000s\000e\000T\000r\000a\000n\000s\000i\000t\000i\000o\000n}{subsection.7.13.2}
\BOOKMARK [3][-]{subsubsection.7.13.2.6}{\376\377\000t\000i\000m\000i\000n\000g\000S\000e\000n\000s\000e}{subsection.7.13.2}
\BOOKMARK [3][-]{subsubsection.7.13.2.7}{\376\377\000t\000o\000P\000i\000n}{subsection.7.13.2}
\BOOKMARK [1][-]{section.7.14}{\376\377\000L\000i\000n\000e\000a\000r\000L\000i\000b\000e\000r\000t\000y\000L\000o\000o\000k\000u\000p\000T\000a\000b\000l\000e\000I\000n\000t\000e\000r\000p\000o\000l\000a\000t\000o\000r\000\040\000C\000l\000a\000s\000s\000\040\000R\000e\000f\000e\000r\000e\000n\000c\000e}{chapter.7}
\BOOKMARK [2][-]{subsection.7.14.1}{\376\377\000D\000e\000t\000a\000i\000l\000e\000d\000\040\000D\000e\000s\000c\000r\000i\000p\000t\000i\000o\000n}{section.7.14}
\BOOKMARK [2][-]{subsection.7.14.2}{\376\377\000M\000e\000m\000b\000e\000r\000\040\000F\000u\000n\000c\000t\000i\000o\000n\000\040\000D\000o\000c\000u\000m\000e\000n\000t\000a\000t\000i\000o\000n}{section.7.14}
\BOOKMARK [3][-]{subsubsection.7.14.2.1}{\376\377\000i\000n\000t\000e\000r\000p\000o\000l\000a\000t\000e}{subsection.7.14.2}
\BOOKMARK [3][-]{subsubsection.7.14.2.2}{\376\377\000i\000n\000t\000e\000r\000p\000o\000l\000a\000t\000e}{subsection.7.14.2}
\BOOKMARK [1][-]{section.7.15}{\376\377\000C\000i\000r\000c\000u\000i\000t\000\137\000N\000e\000t\000l\000i\000s\000t\000:\000:\000L\000o\000g\000i\000c\000\137\000G\000a\000t\000e\000\040\000S\000t\000r\000u\000c\000t\000\040\000R\000e\000f\000e\000r\000e\000n\000c\000e}{chapter.7}
\BOOKMARK [2][-]{subsection.7.15.1}{\376\377\000D\000e\000t\000a\000i\000l\000e\000d\000\040\000D\000e\000s\000c\000r\000i\000p\000t\000i\000o\000n}{section.7.15}
\BOOKMARK [2][-]{subsection.7.15.2}{\376\377\000C\000o\000n\000s\000t\000r\000u\000c\000t\000o\000r\000\040\000\046\000\040\000D\000e\000s\000t\000r\000u\000c\000t\000o\000r\000\040\000D\000o\000c\000u\000m\000e\000n\000t\000a\000t\000i\000o\000n}{section.7.15}
\BOOKMARK [3][-]{subsubsection.7.15.2.1}{\376\377\000L\000o\000g\000i\000c\000\137\000G\000a\000t\000e}{subsection.7.15.2}
\BOOKMARK [2][-]{subsection.7.15.3}{\376\377\000M\000e\000m\000b\000e\000r\000\040\000D\000a\000t\000a\000\040\000D\000o\000c\000u\000m\000e\000n\000t\000a\000t\000i\000o\000n}{section.7.15}
\BOOKMARK [3][-]{subsubsection.7.15.3.1}{\376\377\000c\000e\000l\000l\000T\000y\000p\000e}{subsection.7.15.3}
\BOOKMARK [3][-]{subsubsection.7.15.3.2}{\376\377\000f\000a\000n\000o\000u\000t\000N\000e\000t\000I\000n\000d\000e\000x}{subsection.7.15.3}
\BOOKMARK [3][-]{subsubsection.7.15.3.3}{\376\377\000i\000n\000N\000e\000t\000s}{subsection.7.15.3}
\BOOKMARK [3][-]{subsubsection.7.15.3.4}{\376\377\000i\000n\000p\000u\000t\000D\000r\000i\000v\000e\000r}{subsection.7.15.3}
\BOOKMARK [3][-]{subsubsection.7.15.3.5}{\376\377\000n\000a\000m\000e}{subsection.7.15.3}
\BOOKMARK [3][-]{subsubsection.7.15.3.6}{\376\377\000p\000r\000i\000m\000a\000r\000y\000\137\000o\000u\000t\000p\000u\000t}{subsection.7.15.3}
\BOOKMARK [3][-]{subsubsection.7.15.3.7}{\376\377\000s\000e\000q\000u\000e\000n\000t\000i\000a\000l}{subsection.7.15.3}
\BOOKMARK [1][-]{section.7.16}{\376\377\000L\000u\000m\000p\000e\000d\000C\000a\000p\000a\000c\000i\000t\000a\000n\000c\000e\000W\000i\000r\000e\000D\000e\000l\000a\000y\000M\000o\000d\000e\000l\000\040\000C\000l\000a\000s\000s\000\040\000R\000e\000f\000e\000r\000e\000n\000c\000e}{chapter.7}
\BOOKMARK [2][-]{subsection.7.16.1}{\376\377\000D\000e\000t\000a\000i\000l\000e\000d\000\040\000D\000e\000s\000c\000r\000i\000p\000t\000i\000o\000n}{section.7.16}
\BOOKMARK [2][-]{subsection.7.16.2}{\376\377\000C\000o\000n\000s\000t\000r\000u\000c\000t\000o\000r\000\040\000\046\000\040\000D\000e\000s\000t\000r\000u\000c\000t\000o\000r\000\040\000D\000o\000c\000u\000m\000e\000n\000t\000a\000t\000i\000o\000n}{section.7.16}
\BOOKMARK [3][-]{subsubsection.7.16.2.1}{\376\377\000L\000u\000m\000p\000e\000d\000C\000a\000p\000a\000c\000i\000t\000a\000n\000c\000e\000W\000i\000r\000e\000D\000e\000l\000a\000y\000M\000o\000d\000e\000l}{subsection.7.16.2}
\BOOKMARK [2][-]{subsection.7.16.3}{\376\377\000M\000e\000m\000b\000e\000r\000\040\000F\000u\000n\000c\000t\000i\000o\000n\000\040\000D\000o\000c\000u\000m\000e\000n\000t\000a\000t\000i\000o\000n}{section.7.16}
\BOOKMARK [3][-]{subsubsection.7.16.3.1}{\376\377\000c\000l\000e\000a\000r}{subsection.7.16.3}
\BOOKMARK [3][-]{subsubsection.7.16.3.2}{\376\377\000d\000e\000l\000a\000y\000\137\000a\000t\000\137\000f\000a\000n\000o\000u\000t\000\137\000n\000o\000d\000e}{subsection.7.16.3}
\BOOKMARK [3][-]{subsubsection.7.16.3.3}{\376\377\000r\000o\000o\000t\000\137\000d\000e\000l\000a\000y}{subsection.7.16.3}
\BOOKMARK [3][-]{subsubsection.7.16.3.4}{\376\377\000r\000o\000o\000t\000\137\000s\000l\000e\000w}{subsection.7.16.3}
\BOOKMARK [3][-]{subsubsection.7.16.3.5}{\376\377\000s\000e\000t\000F\000a\000n\000o\000u\000t\000P\000i\000n\000C\000a\000p\000a\000c\000i\000t\000a\000n\000c\000e}{subsection.7.16.3}
\BOOKMARK [3][-]{subsubsection.7.16.3.6}{\376\377\000s\000i\000m\000u\000l\000a\000t\000e}{subsection.7.16.3}
\BOOKMARK [3][-]{subsubsection.7.16.3.7}{\376\377\000s\000l\000e\000w\000\137\000a\000t\000\137\000f\000a\000n\000o\000u\000t\000\137\000n\000o\000d\000e}{subsection.7.16.3}
\BOOKMARK [1][-]{section.7.17}{\376\377\000T\000i\000m\000i\000n\000g\000\137\000A\000n\000a\000l\000y\000s\000i\000s\000:\000:\000M\000u\000l\000t\000i\000\137\000F\000a\000n\000o\000u\000t\000\137\000E\000d\000g\000e\000<\000\040\000T\000\040\000>\000\040\000C\000l\000a\000s\000s\000\040\000T\000e\000m\000p\000l\000a\000t\000e\000\040\000R\000e\000f\000e\000r\000e\000n\000c\000e}{chapter.7}
\BOOKMARK [2][-]{subsection.7.17.1}{\376\377\000D\000e\000t\000a\000i\000l\000e\000d\000\040\000D\000e\000s\000c\000r\000i\000p\000t\000i\000o\000n}{section.7.17}
\BOOKMARK [2][-]{subsection.7.17.2}{\376\377\000C\000o\000n\000s\000t\000r\000u\000c\000t\000o\000r\000\040\000\046\000\040\000D\000e\000s\000t\000r\000u\000c\000t\000o\000r\000\040\000D\000o\000c\000u\000m\000e\000n\000t\000a\000t\000i\000o\000n}{section.7.17}
\BOOKMARK [3][-]{subsubsection.7.17.2.1}{\376\377\000M\000u\000l\000t\000i\000\137\000F\000a\000n\000o\000u\000t\000\137\000E\000d\000g\000e}{subsection.7.17.2}
\BOOKMARK [2][-]{subsection.7.17.3}{\376\377\000M\000e\000m\000b\000e\000r\000\040\000F\000u\000n\000c\000t\000i\000o\000n\000\040\000D\000o\000c\000u\000m\000e\000n\000t\000a\000t\000i\000o\000n}{section.7.17}
\BOOKMARK [3][-]{subsubsection.7.17.3.1}{\376\377\000t\000o}{subsection.7.17.3}
\BOOKMARK [1][-]{section.7.18}{\376\377\000C\000i\000r\000c\000u\000i\000t\000\137\000N\000e\000t\000l\000i\000s\000t\000:\000:\000N\000e\000t\000\040\000S\000t\000r\000u\000c\000t\000\040\000R\000e\000f\000e\000r\000e\000n\000c\000e}{chapter.7}
\BOOKMARK [2][-]{subsection.7.18.1}{\376\377\000D\000e\000t\000a\000i\000l\000e\000d\000\040\000D\000e\000s\000c\000r\000i\000p\000t\000i\000o\000n}{section.7.18}
\BOOKMARK [2][-]{subsection.7.18.2}{\376\377\000C\000o\000n\000s\000t\000r\000u\000c\000t\000o\000r\000\040\000\046\000\040\000D\000e\000s\000t\000r\000u\000c\000t\000o\000r\000\040\000D\000o\000c\000u\000m\000e\000n\000t\000a\000t\000i\000o\000n}{section.7.18}
\BOOKMARK [3][-]{subsubsection.7.18.2.1}{\376\377\000N\000e\000t}{subsection.7.18.2}
\BOOKMARK [2][-]{subsection.7.18.3}{\376\377\000M\000e\000m\000b\000e\000r\000\040\000F\000u\000n\000c\000t\000i\000o\000n\000\040\000D\000o\000c\000u\000m\000e\000n\000t\000a\000t\000i\000o\000n}{section.7.18}
\BOOKMARK [3][-]{subsubsection.7.18.3.1}{\376\377\000a\000d\000d\000S\000i\000n\000k}{subsection.7.18.3}
\BOOKMARK [2][-]{subsection.7.18.4}{\376\377\000M\000e\000m\000b\000e\000r\000\040\000D\000a\000t\000a\000\040\000D\000o\000c\000u\000m\000e\000n\000t\000a\000t\000i\000o\000n}{section.7.18}
\BOOKMARK [3][-]{subsubsection.7.18.4.1}{\376\377\000d\000u\000m\000m\000y\000N\000e\000t}{subsection.7.18.4}
\BOOKMARK [3][-]{subsubsection.7.18.4.2}{\376\377\000n\000a\000m\000e}{subsection.7.18.4}
\BOOKMARK [3][-]{subsubsection.7.18.4.3}{\376\377\000s\000i\000n\000k\000s}{subsection.7.18.4}
\BOOKMARK [3][-]{subsubsection.7.18.4.4}{\376\377\000s\000o\000u\000r\000c\000e\000N\000o\000d\000e}{subsection.7.18.4}
\BOOKMARK [3][-]{subsubsection.7.18.4.5}{\376\377\000s\000o\000u\000r\000c\000e\000P\000i\000n}{subsection.7.18.4}
\BOOKMARK [1][-]{section.7.19}{\376\377\000S\000p\000e\000f\000N\000e\000t\000I\000S\000P\000D\0002\0000\0001\0003\000:\000:\000N\000o\000d\000e\000\040\000S\000t\000r\000u\000c\000t\000\040\000R\000e\000f\000e\000r\000e\000n\000c\000e}{chapter.7}
\BOOKMARK [2][-]{subsection.7.19.1}{\376\377\000D\000e\000t\000a\000i\000l\000e\000d\000\040\000D\000e\000s\000c\000r\000i\000p\000t\000i\000o\000n}{section.7.19}
\BOOKMARK [2][-]{subsection.7.19.2}{\376\377\000C\000o\000n\000s\000t\000r\000u\000c\000t\000o\000r\000\040\000\046\000\040\000D\000e\000s\000t\000r\000u\000c\000t\000o\000r\000\040\000D\000o\000c\000u\000m\000e\000n\000t\000a\000t\000i\000o\000n}{section.7.19}
\BOOKMARK [3][-]{subsubsection.7.19.2.1}{\376\377\000N\000o\000d\000e}{subsection.7.19.2}
\BOOKMARK [2][-]{subsection.7.19.3}{\376\377\000M\000e\000m\000b\000e\000r\000\040\000D\000a\000t\000a\000\040\000D\000o\000c\000u\000m\000e\000n\000t\000a\000t\000i\000o\000n}{section.7.19}
\BOOKMARK [3][-]{subsubsection.7.19.3.1}{\376\377\000c\000a\000p\000a\000c\000i\000t\000a\000n\000c\000e}{subsection.7.19.3}
\BOOKMARK [3][-]{subsubsection.7.19.3.2}{\376\377\000n\000a\000m\000e}{subsection.7.19.3}
\BOOKMARK [3][-]{subsubsection.7.19.3.3}{\376\377\000n\000o\000d\000e\000I\000n\000d\000e\000x}{subsection.7.19.3}
\BOOKMARK [3][-]{subsubsection.7.19.3.4}{\376\377\000r\000e\000s\000i\000s\000t\000o\000r\000s}{subsection.7.19.3}
\BOOKMARK [1][-]{section.7.20}{\376\377\000s\000t\000d\000:\000:\000n\000u\000m\000e\000r\000i\000c\000\137\000l\000i\000m\000i\000t\000s\000<\000\040\000T\000r\000a\000n\000s\000i\000t\000i\000o\000n\000s\000<\000\040\000d\000o\000u\000b\000l\000e\000\040\000>\000\040\000>\000\040\000C\000l\000a\000s\000s\000\040\000T\000e\000m\000p\000l\000a\000t\000e\000\040\000R\000e\000f\000e\000r\000e\000n\000c\000e}{chapter.7}
\BOOKMARK [2][-]{subsection.7.20.1}{\376\377\000D\000e\000t\000a\000i\000l\000e\000d\000\040\000D\000e\000s\000c\000r\000i\000p\000t\000i\000o\000n}{section.7.20}
\BOOKMARK [2][-]{subsection.7.20.2}{\376\377\000M\000e\000m\000b\000e\000r\000\040\000F\000u\000n\000c\000t\000i\000o\000n\000\040\000D\000o\000c\000u\000m\000e\000n\000t\000a\000t\000i\000o\000n}{section.7.20}
\BOOKMARK [3][-]{subsubsection.7.20.2.1}{\376\377\000m\000a\000x}{subsection.7.20.2}
\BOOKMARK [3][-]{subsubsection.7.20.2.2}{\376\377\000m\000i\000n}{subsection.7.20.2}
\BOOKMARK [3][-]{subsubsection.7.20.2.3}{\376\377\000z\000e\000r\000o}{subsection.7.20.2}
\BOOKMARK [1][-]{section.7.21}{\376\377\000T\000i\000m\000i\000n\000g\000\137\000A\000n\000a\000l\000y\000s\000i\000s\000:\000:\000O\000p\000t\000i\000o\000n\000\040\000C\000l\000a\000s\000s\000\040\000R\000e\000f\000e\000r\000e\000n\000c\000e}{chapter.7}
\BOOKMARK [2][-]{subsection.7.21.1}{\376\377\000D\000e\000t\000a\000i\000l\000e\000d\000\040\000D\000e\000s\000c\000r\000i\000p\000t\000i\000o\000n}{section.7.21}
\BOOKMARK [2][-]{subsection.7.21.2}{\376\377\000C\000o\000n\000s\000t\000r\000u\000c\000t\000o\000r\000\040\000\046\000\040\000D\000e\000s\000t\000r\000u\000c\000t\000o\000r\000\040\000D\000o\000c\000u\000m\000e\000n\000t\000a\000t\000i\000o\000n}{section.7.21}
\BOOKMARK [3][-]{subsubsection.7.21.2.1}{\376\377\000O\000p\000t\000i\000o\000n}{subsection.7.21.2}
\BOOKMARK [3][-]{subsubsection.7.21.2.2}{\376\377\000O\000p\000t\000i\000o\000n}{subsection.7.21.2}
\BOOKMARK [2][-]{subsection.7.21.3}{\376\377\000F\000r\000i\000e\000n\000d\000s\000\040\000A\000n\000d\000\040\000R\000e\000l\000a\000t\000e\000d\000\040\000F\000u\000n\000c\000t\000i\000o\000n\000\040\000D\000o\000c\000u\000m\000e\000n\000t\000a\000t\000i\000o\000n}{section.7.21}
\BOOKMARK [3][-]{subsubsection.7.21.3.1}{\376\377\000T\000i\000m\000i\000n\000g\000\137\000A\000n\000a\000l\000y\000s\000i\000s}{subsection.7.21.3}
\BOOKMARK [1][-]{section.7.22}{\376\377\000P\000a\000r\000s\000e\000r\000\040\000C\000l\000a\000s\000s\000\040\000R\000e\000f\000e\000r\000e\000n\000c\000e}{chapter.7}
\BOOKMARK [2][-]{subsection.7.22.1}{\376\377\000D\000e\000t\000a\000i\000l\000e\000d\000\040\000D\000e\000s\000c\000r\000i\000p\000t\000i\000o\000n}{section.7.22}
\BOOKMARK [2][-]{subsection.7.22.2}{\376\377\000C\000o\000n\000s\000t\000r\000u\000c\000t\000o\000r\000\040\000\046\000\040\000D\000e\000s\000t\000r\000u\000c\000t\000o\000r\000\040\000D\000o\000c\000u\000m\000e\000n\000t\000a\000t\000i\000o\000n}{section.7.22}
\BOOKMARK [3][-]{subsubsection.7.22.2.1}{\376\377\000P\000a\000r\000s\000e\000r}{subsection.7.22.2}
\BOOKMARK [3][-]{subsubsection.7.22.2.2}{\376\377\000P\000a\000r\000s\000e\000r}{subsection.7.22.2}
\BOOKMARK [2][-]{subsection.7.22.3}{\376\377\000M\000e\000m\000b\000e\000r\000\040\000F\000u\000n\000c\000t\000i\000o\000n\000\040\000D\000o\000c\000u\000m\000e\000n\000t\000a\000t\000i\000o\000n}{section.7.22}
\BOOKMARK [3][-]{subsubsection.7.22.3.1}{\376\377\000i\000s\000S\000p\000e\000c\000i\000a\000l\000C\000h\000a\000r}{subsection.7.22.3}
\BOOKMARK [3][-]{subsubsection.7.22.3.2}{\376\377\000r\000e\000a\000d\000L\000i\000n\000e\000A\000s\000T\000o\000k\000e\000n\000s}{subsection.7.22.3}
\BOOKMARK [2][-]{subsection.7.22.4}{\376\377\000M\000e\000m\000b\000e\000r\000\040\000D\000a\000t\000a\000\040\000D\000o\000c\000u\000m\000e\000n\000t\000a\000t\000i\000o\000n}{section.7.22}
\BOOKMARK [3][-]{subsubsection.7.22.4.1}{\376\377\000i\000s}{subsection.7.22.4}
\BOOKMARK [1][-]{section.7.23}{\376\377\000P\000r\000i\000m\000e\000\137\000T\000i\000m\000e\000\137\000O\000u\000t\000p\000u\000t\000\137\000P\000a\000r\000s\000e\000r\000:\000:\000P\000i\000n\000\137\000T\000i\000m\000i\000n\000g\000\040\000S\000t\000r\000u\000c\000t\000\040\000R\000e\000f\000e\000r\000e\000n\000c\000e}{chapter.7}
\BOOKMARK [2][-]{subsection.7.23.1}{\376\377\000D\000e\000t\000a\000i\000l\000e\000d\000\040\000D\000e\000s\000c\000r\000i\000p\000t\000i\000o\000n}{section.7.23}
\BOOKMARK [2][-]{subsection.7.23.2}{\376\377\000F\000r\000i\000e\000n\000d\000s\000\040\000A\000n\000d\000\040\000R\000e\000l\000a\000t\000e\000d\000\040\000F\000u\000n\000c\000t\000i\000o\000n\000\040\000D\000o\000c\000u\000m\000e\000n\000t\000a\000t\000i\000o\000n}{section.7.23}
\BOOKMARK [3][-]{subsubsection.7.23.2.1}{\376\377\000o\000p\000e\000r\000a\000t\000o\000r\000<\000<}{subsection.7.23.2}
\BOOKMARK [2][-]{subsection.7.23.3}{\376\377\000M\000e\000m\000b\000e\000r\000\040\000D\000a\000t\000a\000\040\000D\000o\000c\000u\000m\000e\000n\000t\000a\000t\000i\000o\000n}{section.7.23}
\BOOKMARK [3][-]{subsubsection.7.23.3.1}{\376\377\000a\000r\000r\000i\000v\000a\000l\000\137\000t\000i\000m\000e}{subsection.7.23.3}
\BOOKMARK [3][-]{subsubsection.7.23.3.2}{\376\377\000p\000i\000n\000\137\000n\000a\000m\000e}{subsection.7.23.3}
\BOOKMARK [3][-]{subsubsection.7.23.3.3}{\376\377\000s\000l\000a\000c\000k}{subsection.7.23.3}
\BOOKMARK [3][-]{subsubsection.7.23.3.4}{\376\377\000s\000l\000e\000w}{subsection.7.23.3}
\BOOKMARK [1][-]{section.7.24}{\376\377\000P\000r\000i\000m\000e\000\137\000T\000i\000m\000e\000\137\000O\000u\000t\000p\000u\000t\000\137\000P\000a\000r\000s\000e\000r\000:\000:\000P\000o\000r\000t\000\137\000T\000i\000m\000i\000n\000g\000\040\000S\000t\000r\000u\000c\000t\000\040\000R\000e\000f\000e\000r\000e\000n\000c\000e}{chapter.7}
\BOOKMARK [2][-]{subsection.7.24.1}{\376\377\000D\000e\000t\000a\000i\000l\000e\000d\000\040\000D\000e\000s\000c\000r\000i\000p\000t\000i\000o\000n}{section.7.24}
\BOOKMARK [2][-]{subsection.7.24.2}{\376\377\000F\000r\000i\000e\000n\000d\000s\000\040\000A\000n\000d\000\040\000R\000e\000l\000a\000t\000e\000d\000\040\000F\000u\000n\000c\000t\000i\000o\000n\000\040\000D\000o\000c\000u\000m\000e\000n\000t\000a\000t\000i\000o\000n}{section.7.24}
\BOOKMARK [3][-]{subsubsection.7.24.2.1}{\376\377\000o\000p\000e\000r\000a\000t\000o\000r\000<\000<}{subsection.7.24.2}
\BOOKMARK [2][-]{subsection.7.24.3}{\376\377\000M\000e\000m\000b\000e\000r\000\040\000D\000a\000t\000a\000\040\000D\000o\000c\000u\000m\000e\000n\000t\000a\000t\000i\000o\000n}{section.7.24}
\BOOKMARK [3][-]{subsubsection.7.24.3.1}{\376\377\000p\000o\000r\000t\000\137\000n\000a\000m\000e}{subsection.7.24.3}
\BOOKMARK [3][-]{subsubsection.7.24.3.2}{\376\377\000s\000l\000a\000c\000k}{subsection.7.24.3}
\BOOKMARK [3][-]{subsubsection.7.24.3.3}{\376\377\000s\000l\000e\000w}{subsection.7.24.3}
\BOOKMARK [1][-]{section.7.25}{\376\377\000P\000r\000i\000m\000e\000\137\000T\000i\000m\000e\000\137\000O\000u\000t\000p\000u\000t\000\137\000P\000a\000r\000s\000e\000r\000:\000:\000P\000r\000i\000m\000e\000\137\000T\000i\000m\000e\000\137\000O\000u\000t\000p\000u\000t\000\040\000C\000l\000a\000s\000s\000\040\000R\000e\000f\000e\000r\000e\000n\000c\000e}{chapter.7}
\BOOKMARK [2][-]{subsection.7.25.1}{\376\377\000D\000e\000t\000a\000i\000l\000e\000d\000\040\000D\000e\000s\000c\000r\000i\000p\000t\000i\000o\000n}{section.7.25}
\BOOKMARK [2][-]{subsection.7.25.2}{\376\377\000M\000e\000m\000b\000e\000r\000\040\000F\000u\000n\000c\000t\000i\000o\000n\000\040\000D\000o\000c\000u\000m\000e\000n\000t\000a\000t\000i\000o\000n}{section.7.25}
\BOOKMARK [3][-]{subsubsection.7.25.2.1}{\376\377\000p\000i\000n}{subsection.7.25.2}
\BOOKMARK [3][-]{subsubsection.7.25.2.2}{\376\377\000p\000i\000n\000s\000\137\000s\000i\000z\000e}{subsection.7.25.2}
\BOOKMARK [3][-]{subsubsection.7.25.2.3}{\376\377\000p\000o\000r\000t}{subsection.7.25.2}
\BOOKMARK [3][-]{subsubsection.7.25.2.4}{\376\377\000p\000o\000r\000t\000s\000\137\000s\000i\000z\000e}{subsection.7.25.2}
\BOOKMARK [2][-]{subsection.7.25.3}{\376\377\000F\000r\000i\000e\000n\000d\000s\000\040\000A\000n\000d\000\040\000R\000e\000l\000a\000t\000e\000d\000\040\000F\000u\000n\000c\000t\000i\000o\000n\000\040\000D\000o\000c\000u\000m\000e\000n\000t\000a\000t\000i\000o\000n}{section.7.25}
\BOOKMARK [3][-]{subsubsection.7.25.3.1}{\376\377\000P\000r\000i\000m\000e\000\137\000T\000i\000m\000e\000\137\000O\000u\000t\000p\000u\000t\000\137\000P\000a\000r\000s\000e\000r}{subsection.7.25.3}
\BOOKMARK [1][-]{section.7.26}{\376\377\000P\000r\000i\000m\000e\000\137\000T\000i\000m\000e\000\137\000O\000u\000t\000p\000u\000t\000\137\000P\000a\000r\000s\000e\000r\000\040\000C\000l\000a\000s\000s\000\040\000R\000e\000f\000e\000r\000e\000n\000c\000e}{chapter.7}
\BOOKMARK [2][-]{subsection.7.26.1}{\376\377\000D\000e\000t\000a\000i\000l\000e\000d\000\040\000D\000e\000s\000c\000r\000i\000p\000t\000i\000o\000n}{section.7.26}
\BOOKMARK [2][-]{subsection.7.26.2}{\376\377\000C\000o\000n\000s\000t\000r\000u\000c\000t\000o\000r\000\040\000\046\000\040\000D\000e\000s\000t\000r\000u\000c\000t\000o\000r\000\040\000D\000o\000c\000u\000m\000e\000n\000t\000a\000t\000i\000o\000n}{section.7.26}
\BOOKMARK [3][-]{subsubsection.7.26.2.1}{\376\377\000P\000r\000i\000m\000e\000\137\000T\000i\000m\000e\000\137\000O\000u\000t\000p\000u\000t\000\137\000P\000a\000r\000s\000e\000r}{subsection.7.26.2}
\BOOKMARK [2][-]{subsection.7.26.3}{\376\377\000M\000e\000m\000b\000e\000r\000\040\000F\000u\000n\000c\000t\000i\000o\000n\000\040\000D\000o\000c\000u\000m\000e\000n\000t\000a\000t\000i\000o\000n}{section.7.26}
\BOOKMARK [3][-]{subsubsection.7.26.3.1}{\376\377\000p\000a\000r\000s\000e\000\137\000p\000r\000i\000m\000e\000\137\000t\000i\000m\000e\000\137\000o\000u\000t\000p\000u\000t\000\137\000f\000i\000l\000e}{subsection.7.26.3}
\BOOKMARK [1][-]{section.7.27}{\376\377\000R\000C\000T\000r\000e\000e\000W\000i\000r\000e\000D\000e\000l\000a\000y\000M\000o\000d\000e\000l\000\040\000C\000l\000a\000s\000s\000\040\000R\000e\000f\000e\000r\000e\000n\000c\000e}{chapter.7}
\BOOKMARK [2][-]{subsection.7.27.1}{\376\377\000D\000e\000t\000a\000i\000l\000e\000d\000\040\000D\000e\000s\000c\000r\000i\000p\000t\000i\000o\000n}{section.7.27}
\BOOKMARK [2][-]{subsection.7.27.2}{\376\377\000C\000o\000n\000s\000t\000r\000u\000c\000t\000o\000r\000\040\000\046\000\040\000D\000e\000s\000t\000r\000u\000c\000t\000o\000r\000\040\000D\000o\000c\000u\000m\000e\000n\000t\000a\000t\000i\000o\000n}{section.7.27}
\BOOKMARK [3][-]{subsubsection.7.27.2.1}{\376\377\000R\000C\000T\000r\000e\000e\000W\000i\000r\000e\000D\000e\000l\000a\000y\000M\000o\000d\000e\000l}{subsection.7.27.2}
\BOOKMARK [2][-]{subsection.7.27.3}{\376\377\000M\000e\000m\000b\000e\000r\000\040\000F\000u\000n\000c\000t\000i\000o\000n\000\040\000D\000o\000c\000u\000m\000e\000n\000t\000a\000t\000i\000o\000n}{section.7.27}
\BOOKMARK [3][-]{subsubsection.7.27.3.1}{\376\377\000c\000l\000e\000a\000r}{subsection.7.27.3}
\BOOKMARK [3][-]{subsubsection.7.27.3.2}{\376\377\000d\000e\000l\000a\000y\000\137\000a\000t\000\137\000f\000a\000n\000o\000u\000t\000\137\000n\000o\000d\000e}{subsection.7.27.3}
\BOOKMARK [3][-]{subsubsection.7.27.3.3}{\376\377\000r\000o\000o\000t\000\137\000d\000e\000l\000a\000y}{subsection.7.27.3}
\BOOKMARK [3][-]{subsubsection.7.27.3.4}{\376\377\000r\000o\000o\000t\000\137\000s\000l\000e\000w}{subsection.7.27.3}
\BOOKMARK [3][-]{subsubsection.7.27.3.5}{\376\377\000s\000e\000t\000F\000a\000n\000o\000u\000t\000P\000i\000n\000C\000a\000p\000a\000c\000i\000t\000a\000n\000c\000e}{subsection.7.27.3}
\BOOKMARK [3][-]{subsubsection.7.27.3.6}{\376\377\000s\000i\000m\000u\000l\000a\000t\000e}{subsection.7.27.3}
\BOOKMARK [3][-]{subsubsection.7.27.3.7}{\376\377\000s\000l\000e\000w\000\137\000a\000t\000\137\000f\000a\000n\000o\000u\000t\000\137\000n\000o\000d\000e}{subsection.7.27.3}
\BOOKMARK [1][-]{section.7.28}{\376\377\000S\000p\000e\000f\000N\000e\000t\000I\000S\000P\000D\0002\0000\0001\0003\000:\000:\000R\000e\000s\000i\000s\000t\000o\000r\000\040\000S\000t\000r\000u\000c\000t\000\040\000R\000e\000f\000e\000r\000e\000n\000c\000e}{chapter.7}
\BOOKMARK [2][-]{subsection.7.28.1}{\376\377\000D\000e\000t\000a\000i\000l\000e\000d\000\040\000D\000e\000s\000c\000r\000i\000p\000t\000i\000o\000n}{section.7.28}
\BOOKMARK [2][-]{subsection.7.28.2}{\376\377\000C\000o\000n\000s\000t\000r\000u\000c\000t\000o\000r\000\040\000\046\000\040\000D\000e\000s\000t\000r\000u\000c\000t\000o\000r\000\040\000D\000o\000c\000u\000m\000e\000n\000t\000a\000t\000i\000o\000n}{section.7.28}
\BOOKMARK [3][-]{subsubsection.7.28.2.1}{\376\377\000R\000e\000s\000i\000s\000t\000o\000r}{subsection.7.28.2}
\BOOKMARK [2][-]{subsection.7.28.3}{\376\377\000M\000e\000m\000b\000e\000r\000\040\000F\000u\000n\000c\000t\000i\000o\000n\000\040\000D\000o\000c\000u\000m\000e\000n\000t\000a\000t\000i\000o\000n}{section.7.28}
\BOOKMARK [3][-]{subsubsection.7.28.3.1}{\376\377\000g\000e\000t\000O\000t\000h\000e\000r\000N\000o\000d\000e}{subsection.7.28.3}
\BOOKMARK [2][-]{subsection.7.28.4}{\376\377\000M\000e\000m\000b\000e\000r\000\040\000D\000a\000t\000a\000\040\000D\000o\000c\000u\000m\000e\000n\000t\000a\000t\000i\000o\000n}{section.7.28}
\BOOKMARK [3][-]{subsubsection.7.28.4.1}{\376\377\000n\000o\000d\000e\0001}{subsection.7.28.4}
\BOOKMARK [3][-]{subsubsection.7.28.4.2}{\376\377\000n\000o\000d\000e\0002}{subsection.7.28.4}
\BOOKMARK [3][-]{subsubsection.7.28.4.3}{\376\377\000v\000a\000l\000u\000e}{subsection.7.28.4}
\BOOKMARK [1][-]{section.7.29}{\376\377\000T\000i\000m\000e\000r\000:\000:\000R\000e\000s\000u\000l\000t\000\040\000C\000l\000a\000s\000s\000\040\000R\000e\000f\000e\000r\000e\000n\000c\000e}{chapter.7}
\BOOKMARK [2][-]{subsection.7.29.1}{\376\377\000D\000e\000t\000a\000i\000l\000e\000d\000\040\000D\000e\000s\000c\000r\000i\000p\000t\000i\000o\000n}{section.7.29}
\BOOKMARK [2][-]{subsection.7.29.2}{\376\377\000M\000e\000m\000b\000e\000r\000\040\000F\000u\000n\000c\000t\000i\000o\000n\000\040\000D\000o\000c\000u\000m\000e\000n\000t\000a\000t\000i\000o\000n}{section.7.29}
\BOOKMARK [3][-]{subsubsection.7.29.2.1}{\376\377\000s\000e\000t}{subsection.7.29.2}
\BOOKMARK [2][-]{subsection.7.29.3}{\376\377\000F\000r\000i\000e\000n\000d\000s\000\040\000A\000n\000d\000\040\000R\000e\000l\000a\000t\000e\000d\000\040\000F\000u\000n\000c\000t\000i\000o\000n\000\040\000D\000o\000c\000u\000m\000e\000n\000t\000a\000t\000i\000o\000n}{section.7.29}
\BOOKMARK [3][-]{subsubsection.7.29.3.1}{\376\377\000o\000p\000e\000r\000a\000t\000o\000r\000<\000<}{subsection.7.29.3}
\BOOKMARK [3][-]{subsubsection.7.29.3.2}{\376\377\000T\000i\000m\000e\000r}{subsection.7.29.3}
\BOOKMARK [1][-]{section.7.30}{\376\377\000S\000D\000C\000P\000a\000r\000s\000e\000r\000\040\000C\000l\000a\000s\000s\000\040\000R\000e\000f\000e\000r\000e\000n\000c\000e}{chapter.7}
\BOOKMARK [2][-]{subsection.7.30.1}{\376\377\000D\000e\000t\000a\000i\000l\000e\000d\000\040\000D\000e\000s\000c\000r\000i\000p\000t\000i\000o\000n}{section.7.30}
\BOOKMARK [2][-]{subsection.7.30.2}{\376\377\000M\000e\000m\000b\000e\000r\000\040\000F\000u\000n\000c\000t\000i\000o\000n\000\040\000D\000o\000c\000u\000m\000e\000n\000t\000a\000t\000i\000o\000n}{section.7.30}
\BOOKMARK [3][-]{subsubsection.7.30.2.1}{\376\377\000r\000e\000a\000d\000F\000i\000l\000e}{subsection.7.30.2}
\BOOKMARK [1][-]{section.7.31}{\376\377\000T\000i\000m\000i\000n\000g\000\137\000A\000n\000a\000l\000y\000s\000i\000s\000:\000:\000S\000i\000n\000g\000l\000e\000\137\000F\000a\000n\000o\000u\000t\000\137\000E\000d\000g\000e\000<\000\040\000T\000\040\000>\000\040\000C\000l\000a\000s\000s\000\040\000T\000e\000m\000p\000l\000a\000t\000e\000\040\000R\000e\000f\000e\000r\000e\000n\000c\000e}{chapter.7}
\BOOKMARK [2][-]{subsection.7.31.1}{\376\377\000D\000e\000t\000a\000i\000l\000e\000d\000\040\000D\000e\000s\000c\000r\000i\000p\000t\000i\000o\000n}{section.7.31}
\BOOKMARK [2][-]{subsection.7.31.2}{\376\377\000C\000o\000n\000s\000t\000r\000u\000c\000t\000o\000r\000\040\000\046\000\040\000D\000e\000s\000t\000r\000u\000c\000t\000o\000r\000\040\000D\000o\000c\000u\000m\000e\000n\000t\000a\000t\000i\000o\000n}{section.7.31}
\BOOKMARK [3][-]{subsubsection.7.31.2.1}{\376\377\000S\000i\000n\000g\000l\000e\000\137\000F\000a\000n\000o\000u\000t\000\137\000E\000d\000g\000e}{subsection.7.31.2}
\BOOKMARK [2][-]{subsection.7.31.3}{\376\377\000M\000e\000m\000b\000e\000r\000\040\000F\000u\000n\000c\000t\000i\000o\000n\000\040\000D\000o\000c\000u\000m\000e\000n\000t\000a\000t\000i\000o\000n}{section.7.31}
\BOOKMARK [3][-]{subsubsection.7.31.3.1}{\376\377\000t\000o}{subsection.7.31.3}
\BOOKMARK [1][-]{section.7.32}{\376\377\000C\000i\000r\000c\000u\000i\000t\000\137\000N\000e\000t\000l\000i\000s\000t\000:\000:\000S\000i\000n\000k\000\040\000S\000t\000r\000u\000c\000t\000\040\000R\000e\000f\000e\000r\000e\000n\000c\000e}{chapter.7}
\BOOKMARK [2][-]{subsection.7.32.1}{\376\377\000D\000e\000t\000a\000i\000l\000e\000d\000\040\000D\000e\000s\000c\000r\000i\000p\000t\000i\000o\000n}{section.7.32}
\BOOKMARK [2][-]{subsection.7.32.2}{\376\377\000C\000o\000n\000s\000t\000r\000u\000c\000t\000o\000r\000\040\000\046\000\040\000D\000e\000s\000t\000r\000u\000c\000t\000o\000r\000\040\000D\000o\000c\000u\000m\000e\000n\000t\000a\000t\000i\000o\000n}{section.7.32}
\BOOKMARK [3][-]{subsubsection.7.32.2.1}{\376\377\000S\000i\000n\000k}{subsection.7.32.2}
\BOOKMARK [2][-]{subsection.7.32.3}{\376\377\000M\000e\000m\000b\000e\000r\000\040\000D\000a\000t\000a\000\040\000D\000o\000c\000u\000m\000e\000n\000t\000a\000t\000i\000o\000n}{section.7.32}
\BOOKMARK [3][-]{subsubsection.7.32.3.1}{\376\377\000g\000a\000t\000e}{subsection.7.32.3}
\BOOKMARK [3][-]{subsubsection.7.32.3.2}{\376\377\000p\000i\000n\000N\000a\000m\000e}{subsection.7.32.3}
\BOOKMARK [1][-]{section.7.33}{\376\377\000S\000p\000e\000f\000N\000e\000t\000I\000S\000P\000D\0002\0000\0001\0002\000\040\000C\000l\000a\000s\000s\000\040\000R\000e\000f\000e\000r\000e\000n\000c\000e}{chapter.7}
\BOOKMARK [2][-]{subsection.7.33.1}{\376\377\000D\000e\000t\000a\000i\000l\000e\000d\000\040\000D\000e\000s\000c\000r\000i\000p\000t\000i\000o\000n}{section.7.33}
\BOOKMARK [2][-]{subsection.7.33.2}{\376\377\000C\000o\000n\000s\000t\000r\000u\000c\000t\000o\000r\000\040\000\046\000\040\000D\000e\000s\000t\000r\000u\000c\000t\000o\000r\000\040\000D\000o\000c\000u\000m\000e\000n\000t\000a\000t\000i\000o\000n}{section.7.33}
\BOOKMARK [3][-]{subsubsection.7.33.2.1}{\376\377\000S\000p\000e\000f\000N\000e\000t\000I\000S\000P\000D\0002\0000\0001\0002}{subsection.7.33.2}
\BOOKMARK [2][-]{subsection.7.33.3}{\376\377\000M\000e\000m\000b\000e\000r\000\040\000D\000a\000t\000a\000\040\000D\000o\000c\000u\000m\000e\000n\000t\000a\000t\000i\000o\000n}{section.7.33}
\BOOKMARK [3][-]{subsubsection.7.33.3.1}{\376\377\000n\000e\000t\000L\000u\000m\000p\000e\000d\000C\000a\000p}{subsection.7.33.3}
\BOOKMARK [3][-]{subsubsection.7.33.3.2}{\376\377\000n\000e\000t\000N\000a\000m\000e}{subsection.7.33.3}
\BOOKMARK [1][-]{section.7.34}{\376\377\000S\000p\000e\000f\000N\000e\000t\000I\000S\000P\000D\0002\0000\0001\0003\000\040\000C\000l\000a\000s\000s\000\040\000R\000e\000f\000e\000r\000e\000n\000c\000e}{chapter.7}
\BOOKMARK [2][-]{subsection.7.34.1}{\376\377\000D\000e\000t\000a\000i\000l\000e\000d\000\040\000D\000e\000s\000c\000r\000i\000p\000t\000i\000o\000n}{section.7.34}
\BOOKMARK [2][-]{subsection.7.34.2}{\376\377\000C\000o\000n\000s\000t\000r\000u\000c\000t\000o\000r\000\040\000\046\000\040\000D\000e\000s\000t\000r\000u\000c\000t\000o\000r\000\040\000D\000o\000c\000u\000m\000e\000n\000t\000a\000t\000i\000o\000n}{section.7.34}
\BOOKMARK [3][-]{subsubsection.7.34.2.1}{\376\377\000S\000p\000e\000f\000N\000e\000t\000I\000S\000P\000D\0002\0000\0001\0003}{subsection.7.34.2}
\BOOKMARK [3][-]{subsubsection.7.34.2.2}{\376\377\000S\000p\000e\000f\000N\000e\000t\000I\000S\000P\000D\0002\0000\0001\0003}{subsection.7.34.2}
\BOOKMARK [2][-]{subsection.7.34.3}{\376\377\000M\000e\000m\000b\000e\000r\000\040\000F\000u\000n\000c\000t\000i\000o\000n\000\040\000D\000o\000c\000u\000m\000e\000n\000t\000a\000t\000i\000o\000n}{section.7.34}
\BOOKMARK [3][-]{subsubsection.7.34.3.1}{\376\377\000a\000d\000d\000C\000a\000p\000a\000c\000i\000t\000o\000r}{subsection.7.34.3}
\BOOKMARK [3][-]{subsubsection.7.34.3.2}{\376\377\000a\000d\000d\000R\000e\000s\000i\000s\000t\000o\000r}{subsection.7.34.3}
\BOOKMARK [3][-]{subsubsection.7.34.3.3}{\376\377\000g\000e\000t\000N\000o\000d\000e}{subsection.7.34.3}
\BOOKMARK [3][-]{subsubsection.7.34.3.4}{\376\377\000g\000e\000t\000N\000o\000d\000e\000I\000n\000d\000e\000x}{subsection.7.34.3}
\BOOKMARK [3][-]{subsubsection.7.34.3.5}{\376\377\000g\000e\000t\000R\000e\000s\000i\000s\000t\000o\000r}{subsection.7.34.3}
\BOOKMARK [3][-]{subsubsection.7.34.3.6}{\376\377\000n\000o\000d\000e\000s\000S\000i\000z\000e}{subsection.7.34.3}
\BOOKMARK [3][-]{subsubsection.7.34.3.7}{\376\377\000r\000e\000s\000i\000s\000t\000o\000r\000s\000S\000i\000z\000e}{subsection.7.34.3}
\BOOKMARK [3][-]{subsubsection.7.34.3.8}{\376\377\000s\000e\000t}{subsection.7.34.3}
\BOOKMARK [2][-]{subsection.7.34.4}{\376\377\000F\000r\000i\000e\000n\000d\000s\000\040\000A\000n\000d\000\040\000R\000e\000l\000a\000t\000e\000d\000\040\000F\000u\000n\000c\000t\000i\000o\000n\000\040\000D\000o\000c\000u\000m\000e\000n\000t\000a\000t\000i\000o\000n}{section.7.34}
\BOOKMARK [3][-]{subsubsection.7.34.4.1}{\376\377\000o\000p\000e\000r\000a\000t\000o\000r\000<\000<}{subsection.7.34.4}
\BOOKMARK [2][-]{subsection.7.34.5}{\376\377\000M\000e\000m\000b\000e\000r\000\040\000D\000a\000t\000a\000\040\000D\000o\000c\000u\000m\000e\000n\000t\000a\000t\000i\000o\000n}{section.7.34}
\BOOKMARK [3][-]{subsubsection.7.34.5.1}{\376\377\000n\000e\000t\000L\000u\000m\000p\000e\000d\000C\000a\000p}{subsection.7.34.5}
\BOOKMARK [3][-]{subsubsection.7.34.5.2}{\376\377\000n\000e\000t\000N\000a\000m\000e}{subsection.7.34.5}
\BOOKMARK [1][-]{section.7.35}{\376\377\000S\000p\000e\000f\000P\000a\000r\000s\000e\000r\000I\000S\000P\000D\0002\0000\0001\0002\000\040\000C\000l\000a\000s\000s\000\040\000R\000e\000f\000e\000r\000e\000n\000c\000e}{chapter.7}
\BOOKMARK [2][-]{subsection.7.35.1}{\376\377\000D\000e\000t\000a\000i\000l\000e\000d\000\040\000D\000e\000s\000c\000r\000i\000p\000t\000i\000o\000n}{section.7.35}
\BOOKMARK [2][-]{subsection.7.35.2}{\376\377\000M\000e\000m\000b\000e\000r\000\040\000F\000u\000n\000c\000t\000i\000o\000n\000\040\000D\000o\000c\000u\000m\000e\000n\000t\000a\000t\000i\000o\000n}{section.7.35}
\BOOKMARK [3][-]{subsubsection.7.35.2.1}{\376\377\000r\000e\000a\000d\000F\000i\000l\000e}{subsection.7.35.2}
\BOOKMARK [1][-]{section.7.36}{\376\377\000S\000p\000e\000f\000P\000a\000r\000s\000e\000r\000I\000S\000P\000D\0002\0000\0001\0003\000\040\000C\000l\000a\000s\000s\000\040\000R\000e\000f\000e\000r\000e\000n\000c\000e}{chapter.7}
\BOOKMARK [2][-]{subsection.7.36.1}{\376\377\000D\000e\000t\000a\000i\000l\000e\000d\000\040\000D\000e\000s\000c\000r\000i\000p\000t\000i\000o\000n}{section.7.36}
\BOOKMARK [2][-]{subsection.7.36.2}{\376\377\000M\000e\000m\000b\000e\000r\000\040\000F\000u\000n\000c\000t\000i\000o\000n\000\040\000D\000o\000c\000u\000m\000e\000n\000t\000a\000t\000i\000o\000n}{section.7.36}
\BOOKMARK [3][-]{subsubsection.7.36.2.1}{\376\377\000r\000e\000a\000d\000F\000i\000l\000e}{subsection.7.36.2}
\BOOKMARK [1][-]{section.7.37}{\376\377\000T\000i\000m\000e\000r\000\040\000C\000l\000a\000s\000s\000\040\000R\000e\000f\000e\000r\000e\000n\000c\000e}{chapter.7}
\BOOKMARK [2][-]{subsection.7.37.1}{\376\377\000D\000e\000t\000a\000i\000l\000e\000d\000\040\000D\000e\000s\000c\000r\000i\000p\000t\000i\000o\000n}{section.7.37}
\BOOKMARK [2][-]{subsection.7.37.2}{\376\377\000C\000o\000n\000s\000t\000r\000u\000c\000t\000o\000r\000\040\000\046\000\040\000D\000e\000s\000t\000r\000u\000c\000t\000o\000r\000\040\000D\000o\000c\000u\000m\000e\000n\000t\000a\000t\000i\000o\000n}{section.7.37}
\BOOKMARK [3][-]{subsubsection.7.37.2.1}{\376\377\000T\000i\000m\000e\000r}{subsection.7.37.2}
\BOOKMARK [3][-]{subsubsection.7.37.2.2}{\376\377\000T\000i\000m\000e\000r}{subsection.7.37.2}
\BOOKMARK [2][-]{subsection.7.37.3}{\376\377\000M\000e\000m\000b\000e\000r\000\040\000F\000u\000n\000c\000t\000i\000o\000n\000\040\000D\000o\000c\000u\000m\000e\000n\000t\000a\000t\000i\000o\000n}{section.7.37}
\BOOKMARK [3][-]{subsubsection.7.37.3.1}{\376\377\000e\000n\000d}{subsection.7.37.3}
\BOOKMARK [3][-]{subsubsection.7.37.3.2}{\376\377\000s\000t\000a\000r\000t}{subsection.7.37.3}
\BOOKMARK [3][-]{subsubsection.7.37.3.3}{\376\377\000v\000a\000l\000u\000e}{subsection.7.37.3}
\BOOKMARK [2][-]{subsection.7.37.4}{\376\377\000M\000e\000m\000b\000e\000r\000\040\000D\000a\000t\000a\000\040\000D\000o\000c\000u\000m\000e\000n\000t\000a\000t\000i\000o\000n}{section.7.37}
\BOOKMARK [3][-]{subsubsection.7.37.4.1}{\376\377\000M\000I\000C\000R\000O}{subsection.7.37.4}
\BOOKMARK [3][-]{subsubsection.7.37.4.2}{\376\377\000M\000I\000L\000I}{subsection.7.37.4}
\BOOKMARK [1][-]{section.7.38}{\376\377\000T\000i\000m\000e\000r\000I\000n\000t\000e\000r\000f\000a\000c\000e\000\040\000C\000l\000a\000s\000s\000\040\000R\000e\000f\000e\000r\000e\000n\000c\000e}{chapter.7}
\BOOKMARK [2][-]{subsection.7.38.1}{\376\377\000D\000e\000t\000a\000i\000l\000e\000d\000\040\000D\000e\000s\000c\000r\000i\000p\000t\000i\000o\000n}{section.7.38}
\BOOKMARK [2][-]{subsection.7.38.2}{\376\377\000M\000e\000m\000b\000e\000r\000\040\000E\000n\000u\000m\000e\000r\000a\000t\000i\000o\000n\000\040\000D\000o\000c\000u\000m\000e\000n\000t\000a\000t\000i\000o\000n}{section.7.38}
\BOOKMARK [3][-]{subsubsection.7.38.2.1}{\376\377\000S\000t\000a\000t\000u\000s}{subsection.7.38.2}
\BOOKMARK [2][-]{subsection.7.38.3}{\376\377\000M\000e\000m\000b\000e\000r\000\040\000F\000u\000n\000c\000t\000i\000o\000n\000\040\000D\000o\000c\000u\000m\000e\000n\000t\000a\000t\000i\000o\000n}{section.7.38}
\BOOKMARK [3][-]{subsubsection.7.38.3.1}{\376\377\000g\000e\000t\000T\000i\000m\000e\000r\000S\000t\000a\000t\000u\000s}{subsection.7.38.3}
\BOOKMARK [3][-]{subsubsection.7.38.3.2}{\376\377\000r\000u\000n\000T\000i\000m\000i\000n\000g\000A\000n\000a\000l\000y\000s\000i\000s\000B\000l\000o\000c\000k\000i\000n\000g}{subsection.7.38.3}
\BOOKMARK [3][-]{subsubsection.7.38.3.3}{\376\377\000s\000t\000a\000r\000t\000T\000i\000m\000i\000n\000g\000A\000n\000a\000l\000y\000s\000i\000s\000N\000o\000n\000B\000l\000o\000c\000k\000i\000n\000g}{subsection.7.38.3}
\BOOKMARK [3][-]{subsubsection.7.38.3.4}{\376\377\000w\000a\000i\000t}{subsection.7.38.3}
\BOOKMARK [1][-]{section.7.39}{\376\377\000T\000i\000m\000i\000n\000g\000\137\000A\000n\000a\000l\000y\000s\000i\000s\000:\000:\000T\000i\000m\000i\000n\000g\000\137\000A\000n\000a\000l\000y\000s\000i\000s\000\040\000C\000l\000a\000s\000s\000\040\000R\000e\000f\000e\000r\000e\000n\000c\000e}{chapter.7}
\BOOKMARK [2][-]{subsection.7.39.1}{\376\377\000D\000e\000t\000a\000i\000l\000e\000d\000\040\000D\000e\000s\000c\000r\000i\000p\000t\000i\000o\000n}{section.7.39}
\BOOKMARK [2][-]{subsection.7.39.2}{\376\377\000C\000o\000n\000s\000t\000r\000u\000c\000t\000o\000r\000\040\000\046\000\040\000D\000e\000s\000t\000r\000u\000c\000t\000o\000r\000\040\000D\000o\000c\000u\000m\000e\000n\000t\000a\000t\000i\000o\000n}{section.7.39}
\BOOKMARK [3][-]{subsubsection.7.39.2.1}{\376\377\000T\000i\000m\000i\000n\000g\000\137\000A\000n\000a\000l\000y\000s\000i\000s}{subsection.7.39.2}
\BOOKMARK [3][-]{subsubsection.7.39.2.2}{\376\377\000T\000i\000m\000i\000n\000g\000\137\000A\000n\000a\000l\000y\000s\000i\000s}{subsection.7.39.2}
\BOOKMARK [2][-]{subsection.7.39.3}{\376\377\000M\000e\000m\000b\000e\000r\000\040\000F\000u\000n\000c\000t\000i\000o\000n\000\040\000D\000o\000c\000u\000m\000e\000n\000t\000a\000t\000i\000o\000n}{section.7.39}
\BOOKMARK [3][-]{subsubsection.7.39.3.1}{\376\377\000c\000a\000l\000l\000\137\000p\000r\000i\000m\000e\000\137\000t\000i\000m\000e}{subsection.7.39.3}
\BOOKMARK [3][-]{subsubsection.7.39.3.2}{\376\377\000f\000i\000r\000s\000t\000\137\000P\000O\000\137\000i\000n\000d\000e\000x}{subsection.7.39.3}
\BOOKMARK [3][-]{subsubsection.7.39.3.3}{\376\377\000f\000u\000l\000l\000\137\000t\000i\000m\000i\000n\000g\000\137\000a\000n\000a\000l\000y\000s\000i\000s}{subsection.7.39.3}
\BOOKMARK [3][-]{subsubsection.7.39.3.4}{\376\377\000n\000u\000m\000b\000e\000r\000\137\000o\000f\000\137\000o\000p\000t\000i\000o\000n\000s}{subsection.7.39.3}
\BOOKMARK [3][-]{subsubsection.7.39.3.5}{\376\377\000o\000p\000t\000i\000o\000n}{subsection.7.39.3}
\BOOKMARK [3][-]{subsubsection.7.39.3.6}{\376\377\000o\000p\000t\000i\000o\000n}{subsection.7.39.3}
\BOOKMARK [3][-]{subsubsection.7.39.3.7}{\376\377\000p\000i\000n\000\137\000c\000a\000p\000a\000c\000i\000t\000a\000n\000c\000e}{subsection.7.39.3}
\BOOKMARK [3][-]{subsubsection.7.39.3.8}{\376\377\000p\000i\000n\000\137\000l\000o\000a\000d}{subsection.7.39.3}
\BOOKMARK [3][-]{subsubsection.7.39.3.9}{\376\377\000p\000r\000i\000n\000t\000\137\000c\000i\000r\000c\000u\000i\000t\000\137\000i\000n\000f\000o}{subsection.7.39.3}
\BOOKMARK [3][-]{subsubsection.7.39.3.10}{\376\377\000p\000r\000i\000n\000t\000\137\000i\000n\000f\000o}{subsection.7.39.3}
\BOOKMARK [3][-]{subsubsection.7.39.3.11}{\376\377\000r\000e\000p\000o\000r\000t\000\137\000t\000i\000m\000i\000n\000g}{subsection.7.39.3}
\BOOKMARK [3][-]{subsubsection.7.39.3.12}{\376\377\000t\000i\000m\000i\000n\000g\000\137\000a\000r\000c}{subsection.7.39.3}
\BOOKMARK [3][-]{subsubsection.7.39.3.13}{\376\377\000t\000i\000m\000i\000n\000g\000\137\000a\000r\000c\000s\000\137\000s\000i\000z\000e}{subsection.7.39.3}
\BOOKMARK [3][-]{subsubsection.7.39.3.14}{\376\377\000t\000i\000m\000i\000n\000g\000\137\000n\000e\000t}{subsection.7.39.3}
\BOOKMARK [3][-]{subsubsection.7.39.3.15}{\376\377\000t\000i\000m\000i\000n\000g\000\137\000n\000e\000t\000s\000\137\000s\000i\000z\000e}{subsection.7.39.3}
\BOOKMARK [3][-]{subsubsection.7.39.3.16}{\376\377\000t\000i\000m\000i\000n\000g\000\137\000p\000o\000i\000n\000t}{subsection.7.39.3}
\BOOKMARK [3][-]{subsubsection.7.39.3.17}{\376\377\000t\000i\000m\000i\000n\000g\000\137\000p\000o\000i\000n\000t\000s\000\137\000s\000i\000z\000e}{subsection.7.39.3}
\BOOKMARK [3][-]{subsubsection.7.39.3.18}{\376\377\000v\000a\000l\000i\000d\000a\000t\000e\000\137\000w\000i\000t\000h\000\137\000p\000r\000i\000m\000e\000\137\000t\000i\000m\000e}{subsection.7.39.3}
\BOOKMARK [1][-]{section.7.40}{\376\377\000T\000i\000m\000i\000n\000g\000\137\000A\000n\000a\000l\000y\000s\000i\000s\000:\000:\000T\000i\000m\000i\000n\000g\000\137\000A\000r\000c\000\040\000C\000l\000a\000s\000s\000\040\000R\000e\000f\000e\000r\000e\000n\000c\000e}{chapter.7}
\BOOKMARK [2][-]{subsection.7.40.1}{\376\377\000D\000e\000t\000a\000i\000l\000e\000d\000\040\000D\000e\000s\000c\000r\000i\000p\000t\000i\000o\000n}{section.7.40}
\BOOKMARK [2][-]{subsection.7.40.2}{\376\377\000C\000o\000n\000s\000t\000r\000u\000c\000t\000o\000r\000\040\000\046\000\040\000D\000e\000s\000t\000r\000u\000c\000t\000o\000r\000\040\000D\000o\000c\000u\000m\000e\000n\000t\000a\000t\000i\000o\000n}{section.7.40}
\BOOKMARK [3][-]{subsubsection.7.40.2.1}{\376\377\000T\000i\000m\000i\000n\000g\000\137\000A\000r\000c}{subsection.7.40.2}
\BOOKMARK [3][-]{subsubsection.7.40.2.2}{\376\377\000T\000i\000m\000i\000n\000g\000\137\000A\000r\000c}{subsection.7.40.2}
\BOOKMARK [2][-]{subsection.7.40.3}{\376\377\000M\000e\000m\000b\000e\000r\000\040\000F\000u\000n\000c\000t\000i\000o\000n\000\040\000D\000o\000c\000u\000m\000e\000n\000t\000a\000t\000i\000o\000n}{section.7.40}
\BOOKMARK [3][-]{subsubsection.7.40.3.1}{\376\377\000a\000r\000c\000\137\000n\000u\000m\000b\000e\000r}{subsection.7.40.3}
\BOOKMARK [3][-]{subsubsection.7.40.3.2}{\376\377\000c\000l\000e\000a\000r}{subsection.7.40.3}
\BOOKMARK [3][-]{subsubsection.7.40.3.3}{\376\377\000d\000e\000l\000a\000y}{subsection.7.40.3}
\BOOKMARK [3][-]{subsubsection.7.40.3.4}{\376\377\000d\000e\000l\000a\000y}{subsection.7.40.3}
\BOOKMARK [3][-]{subsubsection.7.40.3.5}{\376\377\000g\000a\000t\000e\000\137\000n\000u\000m\000b\000e\000r}{subsection.7.40.3}
\BOOKMARK [3][-]{subsubsection.7.40.3.6}{\376\377\000s\000l\000e\000w}{subsection.7.40.3}
\BOOKMARK [3][-]{subsubsection.7.40.3.7}{\376\377\000s\000l\000e\000w}{subsection.7.40.3}
\BOOKMARK [2][-]{subsection.7.40.4}{\376\377\000F\000r\000i\000e\000n\000d\000s\000\040\000A\000n\000d\000\040\000R\000e\000l\000a\000t\000e\000d\000\040\000F\000u\000n\000c\000t\000i\000o\000n\000\040\000D\000o\000c\000u\000m\000e\000n\000t\000a\000t\000i\000o\000n}{section.7.40}
\BOOKMARK [3][-]{subsubsection.7.40.4.1}{\376\377\000o\000p\000e\000r\000a\000t\000o\000r\000<\000<}{subsection.7.40.4}
\BOOKMARK [1][-]{section.7.41}{\376\377\000T\000i\000m\000i\000n\000g\000\137\000A\000n\000a\000l\000y\000s\000i\000s\000:\000:\000T\000i\000m\000i\000n\000g\000\137\000N\000e\000t\000\040\000C\000l\000a\000s\000s\000\040\000R\000e\000f\000e\000r\000e\000n\000c\000e}{chapter.7}
\BOOKMARK [2][-]{subsection.7.41.1}{\376\377\000D\000e\000t\000a\000i\000l\000e\000d\000\040\000D\000e\000s\000c\000r\000i\000p\000t\000i\000o\000n}{section.7.41}
\BOOKMARK [2][-]{subsection.7.41.2}{\376\377\000C\000o\000n\000s\000t\000r\000u\000c\000t\000o\000r\000\040\000\046\000\040\000D\000e\000s\000t\000r\000u\000c\000t\000o\000r\000\040\000D\000o\000c\000u\000m\000e\000n\000t\000a\000t\000i\000o\000n}{section.7.41}
\BOOKMARK [3][-]{subsubsection.7.41.2.1}{\376\377\000T\000i\000m\000i\000n\000g\000\137\000N\000e\000t}{subsection.7.41.2}
\BOOKMARK [3][-]{subsubsection.7.41.2.2}{\376\377\000T\000i\000m\000i\000n\000g\000\137\000N\000e\000t}{subsection.7.41.2}
\BOOKMARK [2][-]{subsection.7.41.3}{\376\377\000M\000e\000m\000b\000e\000r\000\040\000F\000u\000n\000c\000t\000i\000o\000n\000\040\000D\000o\000c\000u\000m\000e\000n\000t\000a\000t\000i\000o\000n}{section.7.41}
\BOOKMARK [3][-]{subsubsection.7.41.3.1}{\376\377\000n\000a\000m\000e}{subsection.7.41.3}
\BOOKMARK [3][-]{subsubsection.7.41.3.2}{\376\377\000w\000i\000r\000e\000\137\000d\000e\000l\000a\000y\000\137\000m\000o\000d\000e\000l}{subsection.7.41.3}
\BOOKMARK [2][-]{subsection.7.41.4}{\376\377\000F\000r\000i\000e\000n\000d\000s\000\040\000A\000n\000d\000\040\000R\000e\000l\000a\000t\000e\000d\000\040\000F\000u\000n\000c\000t\000i\000o\000n\000\040\000D\000o\000c\000u\000m\000e\000n\000t\000a\000t\000i\000o\000n}{section.7.41}
\BOOKMARK [3][-]{subsubsection.7.41.4.1}{\376\377\000o\000p\000e\000r\000a\000t\000o\000r\000<\000<}{subsection.7.41.4}
\BOOKMARK [3][-]{subsubsection.7.41.4.2}{\376\377\000T\000i\000m\000i\000n\000g\000\137\000A\000n\000a\000l\000y\000s\000i\000s}{subsection.7.41.4}
\BOOKMARK [3][-]{subsubsection.7.41.4.3}{\376\377\000T\000i\000m\000i\000n\000g\000\137\000P\000o\000i\000n\000t}{subsection.7.41.4}
\BOOKMARK [1][-]{section.7.42}{\376\377\000T\000i\000m\000i\000n\000g\000\137\000A\000n\000a\000l\000y\000s\000i\000s\000:\000:\000T\000i\000m\000i\000n\000g\000\137\000P\000o\000i\000n\000t\000\040\000C\000l\000a\000s\000s\000\040\000R\000e\000f\000e\000r\000e\000n\000c\000e}{chapter.7}
\BOOKMARK [2][-]{subsection.7.42.1}{\376\377\000D\000e\000t\000a\000i\000l\000e\000d\000\040\000D\000e\000s\000c\000r\000i\000p\000t\000i\000o\000n}{section.7.42}
\BOOKMARK [2][-]{subsection.7.42.2}{\376\377\000C\000o\000n\000s\000t\000r\000u\000c\000t\000o\000r\000\040\000\046\000\040\000D\000e\000s\000t\000r\000u\000c\000t\000o\000r\000\040\000D\000o\000c\000u\000m\000e\000n\000t\000a\000t\000i\000o\000n}{section.7.42}
\BOOKMARK [3][-]{subsubsection.7.42.2.1}{\376\377\000T\000i\000m\000i\000n\000g\000\137\000P\000o\000i\000n\000t}{subsection.7.42.2}
\BOOKMARK [3][-]{subsubsection.7.42.2.2}{\376\377\000T\000i\000m\000i\000n\000g\000\137\000P\000o\000i\000n\000t}{subsection.7.42.2}
\BOOKMARK [2][-]{subsection.7.42.3}{\376\377\000M\000e\000m\000b\000e\000r\000\040\000F\000u\000n\000c\000t\000i\000o\000n\000\040\000D\000o\000c\000u\000m\000e\000n\000t\000a\000t\000i\000o\000n}{section.7.42}
\BOOKMARK [3][-]{subsubsection.7.42.3.1}{\376\377\000a\000r\000c}{subsection.7.42.3}
\BOOKMARK [3][-]{subsubsection.7.42.3.2}{\376\377\000a\000r\000c}{subsection.7.42.3}
\BOOKMARK [3][-]{subsubsection.7.42.3.3}{\376\377\000a\000r\000c}{subsection.7.42.3}
\BOOKMARK [3][-]{subsubsection.7.42.3.4}{\376\377\000a\000r\000r\000i\000v\000a\000l\000\137\000t\000i\000m\000e}{subsection.7.42.3}
\BOOKMARK [3][-]{subsubsection.7.42.3.5}{\376\377\000a\000r\000r\000i\000v\000a\000l\000\137\000t\000i\000m\000e}{subsection.7.42.3}
\BOOKMARK [3][-]{subsubsection.7.42.3.6}{\376\377\000c\000e\000f\000f}{subsection.7.42.3}
\BOOKMARK [3][-]{subsubsection.7.42.3.7}{\376\377\000c\000e\000f\000f}{subsection.7.42.3}
\BOOKMARK [3][-]{subsubsection.7.42.3.8}{\376\377\000c\000l\000e\000a\000r\000\137\000t\000i\000m\000i\000n\000g\000\137\000i\000n\000f\000o}{subsection.7.42.3}
\BOOKMARK [3][-]{subsubsection.7.42.3.9}{\376\377\000g\000a\000t\000e\000\137\000n\000u\000m\000b\000e\000r}{subsection.7.42.3}
\BOOKMARK [3][-]{subsubsection.7.42.3.10}{\376\377\000i\000s\000\137\000i\000n\000p\000u\000t\000\137\000p\000i\000n}{subsection.7.42.3}
\BOOKMARK [3][-]{subsubsection.7.42.3.11}{\376\377\000i\000s\000\137\000o\000u\000t\000p\000u\000t\000\137\000p\000i\000n}{subsection.7.42.3}
\BOOKMARK [3][-]{subsubsection.7.42.3.12}{\376\377\000i\000s\000\137\000P\000I}{subsection.7.42.3}
\BOOKMARK [3][-]{subsubsection.7.42.3.13}{\376\377\000i\000s\000\137\000P\000I\000\137\000i\000n\000p\000u\000t}{subsection.7.42.3}
\BOOKMARK [3][-]{subsubsection.7.42.3.14}{\376\377\000i\000s\000\137\000P\000O}{subsection.7.42.3}
\BOOKMARK [3][-]{subsubsection.7.42.3.15}{\376\377\000i\000s\000\137\000r\000e\000g\000\137\000i\000n\000p\000u\000t}{subsection.7.42.3}
\BOOKMARK [3][-]{subsubsection.7.42.3.16}{\376\377\000l\000o\000a\000d}{subsection.7.42.3}
\BOOKMARK [3][-]{subsubsection.7.42.3.17}{\376\377\000n\000a\000m\000e}{subsection.7.42.3}
\BOOKMARK [3][-]{subsubsection.7.42.3.18}{\376\377\000n\000e\000t}{subsection.7.42.3}
\BOOKMARK [3][-]{subsubsection.7.42.3.19}{\376\377\000n\000e\000t}{subsection.7.42.3}
\BOOKMARK [3][-]{subsubsection.7.42.3.20}{\376\377\000n\000e\000t}{subsection.7.42.3}
\BOOKMARK [3][-]{subsubsection.7.42.3.21}{\376\377\000r\000e\000q\000u\000i\000r\000e\000d\000\137\000t\000i\000m\000e}{subsection.7.42.3}
\BOOKMARK [3][-]{subsubsection.7.42.3.22}{\376\377\000s\000l\000a\000c\000k}{subsection.7.42.3}
\BOOKMARK [3][-]{subsubsection.7.42.3.23}{\376\377\000s\000l\000a\000c\000k}{subsection.7.42.3}
\BOOKMARK [3][-]{subsubsection.7.42.3.24}{\376\377\000s\000l\000e\000w}{subsection.7.42.3}
\BOOKMARK [3][-]{subsubsection.7.42.3.25}{\376\377\000s\000l\000e\000w}{subsection.7.42.3}
\BOOKMARK [3][-]{subsubsection.7.42.3.26}{\376\377\000u\000p\000d\000a\000t\000e\000\137\000s\000l\000a\000c\000k}{subsection.7.42.3}
\BOOKMARK [2][-]{subsection.7.42.4}{\376\377\000F\000r\000i\000e\000n\000d\000s\000\040\000A\000n\000d\000\040\000R\000e\000l\000a\000t\000e\000d\000\040\000F\000u\000n\000c\000t\000i\000o\000n\000\040\000D\000o\000c\000u\000m\000e\000n\000t\000a\000t\000i\000o\000n}{section.7.42}
\BOOKMARK [3][-]{subsubsection.7.42.4.1}{\376\377\000o\000p\000e\000r\000a\000t\000o\000r\000<\000<}{subsection.7.42.4}
\BOOKMARK [3][-]{subsubsection.7.42.4.2}{\376\377\000T\000i\000m\000i\000n\000g\000\137\000N\000e\000t}{subsection.7.42.4}
\BOOKMARK [1][-]{section.7.43}{\376\377\000T\000r\000a\000i\000t\000s\000\040\000C\000l\000a\000s\000s\000\040\000R\000e\000f\000e\000r\000e\000n\000c\000e}{chapter.7}
\BOOKMARK [2][-]{subsection.7.43.1}{\376\377\000D\000e\000t\000a\000i\000l\000e\000d\000\040\000D\000e\000s\000c\000r\000i\000p\000t\000i\000o\000n}{section.7.43}
\BOOKMARK [2][-]{subsection.7.43.2}{\376\377\000M\000e\000m\000b\000e\000r\000\040\000D\000a\000t\000a\000\040\000D\000o\000c\000u\000m\000e\000n\000t\000a\000t\000i\000o\000n}{section.7.43}
\BOOKMARK [3][-]{subsubsection.7.43.2.1}{\376\377\000I\000S\000P\000D\000\137\0002\0000\0001\0002}{subsection.7.43.2}
\BOOKMARK [3][-]{subsubsection.7.43.2.2}{\376\377\000i\000s\000p\000d\000\137\000c\000o\000n\000t\000e\000s\000t\000\137\000b\000e\000n\000c\000h\000m\000a\000r\000k}{subsection.7.43.2}
\BOOKMARK [3][-]{subsubsection.7.43.2.3}{\376\377\000i\000s\000p\000d\000\137\000c\000o\000n\000t\000e\000s\000t\000\137\000r\000o\000o\000t}{subsection.7.43.2}
\BOOKMARK [3][-]{subsubsection.7.43.2.4}{\376\377\000S\000T\000D\000\137\000T\000H\000R\000E\000S\000H\000O\000L\000D}{subsection.7.43.2}
\BOOKMARK [1][-]{section.7.44}{\376\377\000T\000r\000a\000n\000s\000i\000t\000i\000o\000n\000s\000<\000\040\000T\000\040\000>\000\040\000C\000l\000a\000s\000s\000\040\000T\000e\000m\000p\000l\000a\000t\000e\000\040\000R\000e\000f\000e\000r\000e\000n\000c\000e}{chapter.7}
\BOOKMARK [2][-]{subsection.7.44.1}{\376\377\000D\000e\000t\000a\000i\000l\000e\000d\000\040\000D\000e\000s\000c\000r\000i\000p\000t\000i\000o\000n}{section.7.44}
\BOOKMARK [2][-]{subsection.7.44.2}{\376\377\000C\000o\000n\000s\000t\000r\000u\000c\000t\000o\000r\000\040\000\046\000\040\000D\000e\000s\000t\000r\000u\000c\000t\000o\000r\000\040\000D\000o\000c\000u\000m\000e\000n\000t\000a\000t\000i\000o\000n}{section.7.44}
\BOOKMARK [3][-]{subsubsection.7.44.2.1}{\376\377\000T\000r\000a\000n\000s\000i\000t\000i\000o\000n\000s}{subsection.7.44.2}
\BOOKMARK [3][-]{subsubsection.7.44.2.2}{\376\377\000T\000r\000a\000n\000s\000i\000t\000i\000o\000n\000s}{subsection.7.44.2}
\BOOKMARK [2][-]{subsection.7.44.3}{\376\377\000M\000e\000m\000b\000e\000r\000\040\000F\000u\000n\000c\000t\000i\000o\000n\000\040\000D\000o\000c\000u\000m\000e\000n\000t\000a\000t\000i\000o\000n}{section.7.44}
\BOOKMARK [3][-]{subsubsection.7.44.3.1}{\376\377\000a\000g\000g\000r\000e\000g\000a\000t\000e}{subsection.7.44.3}
\BOOKMARK [3][-]{subsubsection.7.44.3.2}{\376\377\000g\000e\000t\000F\000a\000l\000l}{subsection.7.44.3}
\BOOKMARK [3][-]{subsubsection.7.44.3.3}{\376\377\000g\000e\000t\000M\000a\000x}{subsection.7.44.3}
\BOOKMARK [3][-]{subsubsection.7.44.3.4}{\376\377\000g\000e\000t\000M\000i\000n}{subsection.7.44.3}
\BOOKMARK [3][-]{subsubsection.7.44.3.5}{\376\377\000g\000e\000t\000R\000e\000v\000e\000r\000s\000e\000d}{subsection.7.44.3}
\BOOKMARK [3][-]{subsubsection.7.44.3.6}{\376\377\000g\000e\000t\000R\000i\000s\000e}{subsection.7.44.3}
\BOOKMARK [3][-]{subsubsection.7.44.3.7}{\376\377\000o\000p\000e\000r\000a\000t\000o\000r\000=}{subsection.7.44.3}
\BOOKMARK [3][-]{subsubsection.7.44.3.8}{\376\377\000o\000p\000e\000r\000a\000t\000o\000r\000[\000]}{subsection.7.44.3}
\BOOKMARK [3][-]{subsubsection.7.44.3.9}{\376\377\000o\000p\000e\000r\000a\000t\000o\000r\000[\000]}{subsection.7.44.3}
\BOOKMARK [3][-]{subsubsection.7.44.3.10}{\376\377\000r\000e\000v\000e\000r\000s\000e}{subsection.7.44.3}
\BOOKMARK [3][-]{subsubsection.7.44.3.11}{\376\377\000s\000e\000t}{subsection.7.44.3}
\BOOKMARK [2][-]{subsection.7.44.4}{\376\377\000F\000r\000i\000e\000n\000d\000s\000\040\000A\000n\000d\000\040\000R\000e\000l\000a\000t\000e\000d\000\040\000F\000u\000n\000c\000t\000i\000o\000n\000\040\000D\000o\000c\000u\000m\000e\000n\000t\000a\000t\000i\000o\000n}{section.7.44}
\BOOKMARK [3][-]{subsubsection.7.44.4.1}{\376\377\000a\000b\000s}{subsection.7.44.4}
\BOOKMARK [3][-]{subsubsection.7.44.4.2}{\376\377\000e\000x\000p}{subsection.7.44.4}
\BOOKMARK [3][-]{subsubsection.7.44.4.3}{\376\377\000m\000a\000x}{subsection.7.44.4}
\BOOKMARK [3][-]{subsubsection.7.44.4.4}{\376\377\000m\000i\000n}{subsection.7.44.4}
\BOOKMARK [3][-]{subsubsection.7.44.4.5}{\376\377\000o\000p\000e\000r\000a\000t\000o\000r\000<\000<}{subsection.7.44.4}
\BOOKMARK [3][-]{subsubsection.7.44.4.6}{\376\377\000p\000o\000w}{subsection.7.44.4}
\BOOKMARK [3][-]{subsubsection.7.44.4.7}{\376\377\000s\000q\000r\000t}{subsection.7.44.4}
\BOOKMARK [1][-]{section.7.45}{\376\377\000V\000e\000r\000i\000l\000o\000g\000P\000a\000r\000s\000e\000r\000\040\000C\000l\000a\000s\000s\000\040\000R\000e\000f\000e\000r\000e\000n\000c\000e}{chapter.7}
\BOOKMARK [2][-]{subsection.7.45.1}{\376\377\000D\000e\000t\000a\000i\000l\000e\000d\000\040\000D\000e\000s\000c\000r\000i\000p\000t\000i\000o\000n}{section.7.45}
\BOOKMARK [2][-]{subsection.7.45.2}{\376\377\000C\000o\000n\000s\000t\000r\000u\000c\000t\000o\000r\000\040\000\046\000\040\000D\000e\000s\000t\000r\000u\000c\000t\000o\000r\000\040\000D\000o\000c\000u\000m\000e\000n\000t\000a\000t\000i\000o\000n}{section.7.45}
\BOOKMARK [3][-]{subsubsection.7.45.2.1}{\376\377\000V\000e\000r\000i\000l\000o\000g\000P\000a\000r\000s\000e\000r}{subsection.7.45.2}
\BOOKMARK [2][-]{subsection.7.45.3}{\376\377\000M\000e\000m\000b\000e\000r\000\040\000F\000u\000n\000c\000t\000i\000o\000n\000\040\000D\000o\000c\000u\000m\000e\000n\000t\000a\000t\000i\000o\000n}{section.7.45}
\BOOKMARK [3][-]{subsubsection.7.45.3.1}{\376\377\000r\000e\000a\000d\000F\000i\000l\000e}{subsection.7.45.3}
\BOOKMARK [1][-]{section.7.46}{\376\377\000W\000i\000r\000e\000D\000e\000l\000a\000y\000M\000o\000d\000e\000l\000\040\000C\000l\000a\000s\000s\000\040\000R\000e\000f\000e\000r\000e\000n\000c\000e}{chapter.7}
\BOOKMARK [2][-]{subsection.7.46.1}{\376\377\000D\000e\000t\000a\000i\000l\000e\000d\000\040\000D\000e\000s\000c\000r\000i\000p\000t\000i\000o\000n}{section.7.46}
\BOOKMARK [2][-]{subsection.7.46.2}{\376\377\000C\000o\000n\000s\000t\000r\000u\000c\000t\000o\000r\000\040\000\046\000\040\000D\000e\000s\000t\000r\000u\000c\000t\000o\000r\000\040\000D\000o\000c\000u\000m\000e\000n\000t\000a\000t\000i\000o\000n}{section.7.46}
\BOOKMARK [3][-]{subsubsection.7.46.2.1}{\376\377\000W\000i\000r\000e\000D\000e\000l\000a\000y\000M\000o\000d\000e\000l}{subsection.7.46.2}
\BOOKMARK [3][-]{subsubsection.7.46.2.2}{\376\377\000W\000i\000r\000e\000D\000e\000l\000a\000y\000M\000o\000d\000e\000l}{subsection.7.46.2}
\BOOKMARK [2][-]{subsection.7.46.3}{\376\377\000M\000e\000m\000b\000e\000r\000\040\000F\000u\000n\000c\000t\000i\000o\000n\000\040\000D\000o\000c\000u\000m\000e\000n\000t\000a\000t\000i\000o\000n}{section.7.46}
\BOOKMARK [3][-]{subsubsection.7.46.3.1}{\376\377\000c\000l\000e\000a\000r}{subsection.7.46.3}
\BOOKMARK [3][-]{subsubsection.7.46.3.2}{\376\377\000d\000e\000l\000a\000y\000\137\000a\000t\000\137\000f\000a\000n\000o\000u\000t\000\137\000n\000o\000d\000e}{subsection.7.46.3}
\BOOKMARK [3][-]{subsubsection.7.46.3.3}{\376\377\000l\000u\000m\000p\000e\000d\000\137\000c\000a\000p\000a\000c\000i\000t\000a\000n\000c\000e}{subsection.7.46.3}
\BOOKMARK [3][-]{subsubsection.7.46.3.4}{\376\377\000r\000o\000o\000t\000\137\000d\000e\000l\000a\000y}{subsection.7.46.3}
\BOOKMARK [3][-]{subsubsection.7.46.3.5}{\376\377\000r\000o\000o\000t\000\137\000s\000l\000e\000w}{subsection.7.46.3}
\BOOKMARK [3][-]{subsubsection.7.46.3.6}{\376\377\000s\000e\000t\000F\000a\000n\000o\000u\000t\000P\000i\000n\000C\000a\000p\000a\000c\000i\000t\000a\000n\000c\000e}{subsection.7.46.3}
\BOOKMARK [3][-]{subsubsection.7.46.3.7}{\376\377\000s\000i\000m\000u\000l\000a\000t\000e}{subsection.7.46.3}
\BOOKMARK [3][-]{subsubsection.7.46.3.8}{\376\377\000s\000l\000e\000w\000\137\000a\000t\000\137\000f\000a\000n\000o\000u\000t\000\137\000n\000o\000d\000e}{subsection.7.46.3}
\BOOKMARK [2][-]{subsection.7.46.4}{\376\377\000M\000e\000m\000b\000e\000r\000\040\000D\000a\000t\000a\000\040\000D\000o\000c\000u\000m\000e\000n\000t\000a\000t\000i\000o\000n}{section.7.46}
\BOOKMARK [3][-]{subsubsection.7.46.4.1}{\376\377\000\137\000l\000u\000m\000p\000e\000d\000\137\000c\000a\000p\000a\000c\000i\000t\000a\000n\000c\000e}{subsection.7.46.4}
\BOOKMARK [3][-]{subsubsection.7.46.4.2}{\376\377\000i\000n\000t\000e\000r\000p\000o\000l\000a\000t\000o\000r}{subsection.7.46.4}
\BOOKMARK [0][-]{chapter.8}{\376\377\000F\000i\000l\000e\000\040\000D\000o\000c\000u\000m\000e\000n\000t\000a\000t\000i\000o\000n}{}
\BOOKMARK [1][-]{section.8.1}{\376\377\000T\000i\000m\000i\000n\000g\000A\000n\000a\000l\000y\000s\000i\000s\000/\000d\000o\000c\000/\000I\000n\000d\000e\000x\000.\000d\000o\000x\000\040\000F\000i\000l\000e\000\040\000R\000e\000f\000e\000r\000e\000n\000c\000e}{chapter.8}
\BOOKMARK [1][-]{section.8.2}{\376\377\000T\000i\000m\000i\000n\000g\000A\000n\000a\000l\000y\000s\000i\000s\000/\000s\000r\000c\000/\000i\000n\000c\000l\000u\000d\000e\000/\000c\000i\000r\000c\000u\000i\000t\000\137\000n\000e\000t\000l\000i\000s\000t\000.\000h\000\040\000F\000i\000l\000e\000\040\000R\000e\000f\000e\000r\000e\000n\000c\000e}{chapter.8}
\BOOKMARK [1][-]{section.8.3}{\376\377\000T\000i\000m\000i\000n\000g\000A\000n\000a\000l\000y\000s\000i\000s\000/\000s\000r\000c\000/\000i\000n\000c\000l\000u\000d\000e\000/\000c\000o\000n\000f\000i\000g\000u\000r\000a\000t\000i\000o\000n\000.\000h\000\040\000F\000i\000l\000e\000\040\000R\000e\000f\000e\000r\000e\000n\000c\000e}{chapter.8}
\BOOKMARK [2][-]{subsection.8.3.1}{\376\377\000T\000y\000p\000e\000d\000e\000f\000\040\000D\000o\000c\000u\000m\000e\000n\000t\000a\000t\000i\000o\000n}{section.8.3}
\BOOKMARK [3][-]{subsubsection.8.3.1.1}{\376\377\000P\000a\000r\000a\000s\000i\000t\000i\000c\000s}{subsection.8.3.1}
\BOOKMARK [3][-]{subsubsection.8.3.1.2}{\376\377\000S\000p\000e\000f\000N\000e\000t}{subsection.8.3.1}
\BOOKMARK [3][-]{subsubsection.8.3.1.3}{\376\377\000S\000p\000e\000f\000P\000a\000r\000s\000e\000r}{subsection.8.3.1}
\BOOKMARK [1][-]{section.8.4}{\376\377\000T\000i\000m\000i\000n\000g\000A\000n\000a\000l\000y\000s\000i\000s\000/\000s\000r\000c\000/\000i\000n\000c\000l\000u\000d\000e\000/\000d\000e\000s\000i\000g\000n\000\137\000c\000o\000n\000s\000t\000r\000a\000i\000n\000t\000s\000.\000h\000\040\000F\000i\000l\000e\000\040\000R\000e\000f\000e\000r\000e\000n\000c\000e}{chapter.8}
\BOOKMARK [1][-]{section.8.5}{\376\377\000T\000i\000m\000i\000n\000g\000A\000n\000a\000l\000y\000s\000i\000s\000/\000s\000r\000c\000/\000i\000n\000c\000l\000u\000d\000e\000/\000e\000d\000g\000e\000.\000h\000\040\000F\000i\000l\000e\000\040\000R\000e\000f\000e\000r\000e\000n\000c\000e}{chapter.8}
\BOOKMARK [1][-]{section.8.6}{\376\377\000T\000i\000m\000i\000n\000g\000A\000n\000a\000l\000y\000s\000i\000s\000/\000s\000r\000c\000/\000i\000n\000c\000l\000u\000d\000e\000/\000l\000i\000b\000e\000r\000t\000y\000\137\000l\000i\000b\000r\000a\000r\000y\000.\000h\000\040\000F\000i\000l\000e\000\040\000R\000e\000f\000e\000r\000e\000n\000c\000e}{chapter.8}
\BOOKMARK [2][-]{subsection.8.6.1}{\376\377\000E\000n\000u\000m\000e\000r\000a\000t\000i\000o\000n\000\040\000T\000y\000p\000e\000\040\000D\000o\000c\000u\000m\000e\000n\000t\000a\000t\000i\000o\000n}{section.8.6}
\BOOKMARK [3][-]{subsubsection.8.6.1.1}{\376\377\000U\000n\000a\000t\000e\000n\000e\000s\000s}{subsection.8.6.1}
\BOOKMARK [2][-]{subsection.8.6.2}{\376\377\000F\000u\000n\000c\000t\000i\000o\000n\000\040\000D\000o\000c\000u\000m\000e\000n\000t\000a\000t\000i\000o\000n}{section.8.6}
\BOOKMARK [3][-]{subsubsection.8.6.2.1}{\376\377\000o\000p\000e\000r\000a\000t\000o\000r\000<\000<}{subsection.8.6.2}
\BOOKMARK [3][-]{subsubsection.8.6.2.2}{\376\377\000o\000p\000e\000r\000a\000t\000o\000r\000<\000<}{subsection.8.6.2}
\BOOKMARK [3][-]{subsubsection.8.6.2.3}{\376\377\000o\000p\000e\000r\000a\000t\000o\000r\000<\000<}{subsection.8.6.2}
\BOOKMARK [3][-]{subsubsection.8.6.2.4}{\376\377\000o\000p\000e\000r\000a\000t\000o\000r\000<\000<}{subsection.8.6.2}
\BOOKMARK [1][-]{section.8.7}{\376\377\000T\000i\000m\000i\000n\000g\000A\000n\000a\000l\000y\000s\000i\000s\000/\000s\000r\000c\000/\000i\000n\000c\000l\000u\000d\000e\000/\000m\000u\000l\000t\000i\000\137\000f\000a\000n\000o\000u\000t\000\137\000e\000d\000g\000e\000.\000h\000\040\000F\000i\000l\000e\000\040\000R\000e\000f\000e\000r\000e\000n\000c\000e}{chapter.8}
\BOOKMARK [1][-]{section.8.8}{\376\377\000T\000i\000m\000i\000n\000g\000A\000n\000a\000l\000y\000s\000i\000s\000/\000s\000r\000c\000/\000i\000n\000c\000l\000u\000d\000e\000/\000p\000a\000r\000s\000e\000r\000.\000h\000\040\000F\000i\000l\000e\000\040\000R\000e\000f\000e\000r\000e\000n\000c\000e}{chapter.8}
\BOOKMARK [1][-]{section.8.9}{\376\377\000T\000i\000m\000i\000n\000g\000A\000n\000a\000l\000y\000s\000i\000s\000/\000s\000r\000c\000/\000i\000n\000c\000l\000u\000d\000e\000/\000s\000i\000n\000g\000l\000e\000\137\000f\000a\000n\000o\000u\000t\000\137\000e\000d\000g\000e\000.\000h\000\040\000F\000i\000l\000e\000\040\000R\000e\000f\000e\000r\000e\000n\000c\000e}{chapter.8}
\BOOKMARK [1][-]{section.8.10}{\376\377\000T\000i\000m\000i\000n\000g\000A\000n\000a\000l\000y\000s\000i\000s\000/\000s\000r\000c\000/\000i\000n\000c\000l\000u\000d\000e\000/\000s\000p\000e\000f\000\137\000n\000e\000t\000.\000h\000\040\000F\000i\000l\000e\000\040\000R\000e\000f\000e\000r\000e\000n\000c\000e}{chapter.8}
\BOOKMARK [2][-]{subsection.8.10.1}{\376\377\000T\000y\000p\000e\000d\000e\000f\000\040\000D\000o\000c\000u\000m\000e\000n\000t\000a\000t\000i\000o\000n}{section.8.10}
\BOOKMARK [3][-]{subsubsection.8.10.1.1}{\376\377\000P\000a\000r\000a\000s\000i\000t\000i\000c\000s\0002\0000\0001\0002}{subsection.8.10.1}
\BOOKMARK [3][-]{subsubsection.8.10.1.2}{\376\377\000P\000a\000r\000a\000s\000i\000t\000i\000c\000s\0002\0000\0001\0003}{subsection.8.10.1}
\BOOKMARK [1][-]{section.8.11}{\376\377\000T\000i\000m\000i\000n\000g\000A\000n\000a\000l\000y\000s\000i\000s\000/\000s\000r\000c\000/\000i\000n\000c\000l\000u\000d\000e\000/\000t\000i\000m\000e\000r\000.\000h\000\040\000F\000i\000l\000e\000\040\000R\000e\000f\000e\000r\000e\000n\000c\000e}{chapter.8}
\BOOKMARK [1][-]{section.8.12}{\376\377\000T\000i\000m\000i\000n\000g\000A\000n\000a\000l\000y\000s\000i\000s\000/\000s\000r\000c\000/\000i\000n\000c\000l\000u\000d\000e\000/\000t\000i\000m\000e\000r\000\137\000i\000n\000t\000e\000r\000f\000a\000c\000e\000.\000h\000\040\000F\000i\000l\000e\000\040\000R\000e\000f\000e\000r\000e\000n\000c\000e}{chapter.8}
\BOOKMARK [1][-]{section.8.13}{\376\377\000T\000i\000m\000i\000n\000g\000A\000n\000a\000l\000y\000s\000i\000s\000/\000s\000r\000c\000/\000i\000n\000c\000l\000u\000d\000e\000/\000t\000i\000m\000i\000n\000g\000\137\000a\000n\000a\000l\000y\000s\000i\000s\000.\000h\000\040\000F\000i\000l\000e\000\040\000R\000e\000f\000e\000r\000e\000n\000c\000e}{chapter.8}
\BOOKMARK [1][-]{section.8.14}{\376\377\000T\000i\000m\000i\000n\000g\000A\000n\000a\000l\000y\000s\000i\000s\000/\000s\000r\000c\000/\000i\000n\000c\000l\000u\000d\000e\000/\000t\000i\000m\000i\000n\000g\000\137\000a\000r\000c\000.\000h\000\040\000F\000i\000l\000e\000\040\000R\000e\000f\000e\000r\000e\000n\000c\000e}{chapter.8}
\BOOKMARK [1][-]{section.8.15}{\376\377\000T\000i\000m\000i\000n\000g\000A\000n\000a\000l\000y\000s\000i\000s\000/\000s\000r\000c\000/\000i\000n\000c\000l\000u\000d\000e\000/\000t\000i\000m\000i\000n\000g\000\137\000n\000e\000t\000.\000h\000\040\000F\000i\000l\000e\000\040\000R\000e\000f\000e\000r\000e\000n\000c\000e}{chapter.8}
\BOOKMARK [1][-]{section.8.16}{\376\377\000T\000i\000m\000i\000n\000g\000A\000n\000a\000l\000y\000s\000i\000s\000/\000s\000r\000c\000/\000i\000n\000c\000l\000u\000d\000e\000/\000t\000i\000m\000i\000n\000g\000\137\000p\000o\000i\000n\000t\000.\000h\000\040\000F\000i\000l\000e\000\040\000R\000e\000f\000e\000r\000e\000n\000c\000e}{chapter.8}
\BOOKMARK [1][-]{section.8.17}{\376\377\000T\000i\000m\000i\000n\000g\000A\000n\000a\000l\000y\000s\000i\000s\000/\000s\000r\000c\000/\000i\000n\000c\000l\000u\000d\000e\000/\000t\000r\000a\000n\000s\000i\000t\000i\000o\000n\000s\000.\000h\000\040\000F\000i\000l\000e\000\040\000R\000e\000f\000e\000r\000e\000n\000c\000e}{chapter.8}
\BOOKMARK [2][-]{subsection.8.17.1}{\376\377\000M\000a\000c\000r\000o\000\040\000D\000e\000f\000i\000n\000i\000t\000i\000o\000n\000\040\000D\000o\000c\000u\000m\000e\000n\000t\000a\000t\000i\000o\000n}{section.8.17}
\BOOKMARK [3][-]{subsubsection.8.17.1.1}{\376\377\000M\000A\000K\000E\000\137\000O\000P\000E\000R\000A\000T\000O\000R}{subsection.8.17.1}
\BOOKMARK [3][-]{subsubsection.8.17.1.2}{\376\377\000M\000A\000K\000E\000\137\000S\000E\000L\000F\000\137\000O\000P\000E\000R\000A\000T\000O\000R}{subsection.8.17.1}
\BOOKMARK [2][-]{subsection.8.17.2}{\376\377\000E\000n\000u\000m\000e\000r\000a\000t\000i\000o\000n\000\040\000T\000y\000p\000e\000\040\000D\000o\000c\000u\000m\000e\000n\000t\000a\000t\000i\000o\000n}{section.8.17}
\BOOKMARK [3][-]{subsubsection.8.17.2.1}{\376\377\000E\000d\000g\000e\000T\000y\000p\000e}{subsection.8.17.2}
\BOOKMARK [1][-]{section.8.18}{\376\377\000T\000i\000m\000i\000n\000g\000A\000n\000a\000l\000y\000s\000i\000s\000/\000s\000r\000c\000/\000i\000n\000c\000l\000u\000d\000e\000/\000w\000i\000r\000e\000\137\000d\000e\000l\000a\000y\000\137\000m\000o\000d\000e\000l\000.\000h\000\040\000F\000i\000l\000e\000\040\000R\000e\000f\000e\000r\000e\000n\000c\000e}{chapter.8}
\BOOKMARK [-1][-]{section*.141}{\376\377\000I\000n\000d\000e\000x}{}
