This file contains any messages produced by compilers while
running configure, to aid debugging if configure makes a mistake.

It was created by Timing Analysis configure 1.0, which was
generated by GNU Autoconf 2.68.  Invocation command line was

  $ ./configure 

## --------- ##
## Platform. ##
## --------- ##

hostname = medusa
uname -m = x86_64
uname -r = 3.2.0-52-generic
uname -s = Linux
uname -v = #78-Ubuntu SMP Fri Jul 26 16:21:44 UTC 2013

/usr/bin/uname -p = unknown
/bin/uname -X     = unknown

/bin/arch              = unknown
/usr/bin/arch -k       = unknown
/usr/convex/getsysinfo = unknown
/usr/bin/hostinfo      = unknown
/bin/machine           = unknown
/usr/bin/oslevel       = unknown
/bin/universe          = unknown

PATH: /usr/lib/lightdm/lightdm
PATH: /usr/local/sbin
PATH: /usr/local/bin
PATH: /usr/sbin
PATH: /usr/bin
PATH: /sbin
PATH: /bin
PATH: /usr/games


## ----------- ##
## Core tests. ##
## ----------- ##

configure:1806: checking for a BSD-compatible install
configure:1874: result: /usr/bin/install -c
configure:1885: checking whether build environment is sane
configure:1935: result: yes
configure:2076: checking for a thread-safe mkdir -p
configure:2115: result: /bin/mkdir -p
configure:2128: checking for gawk
configure:2158: result: no
configure:2128: checking for mawk
configure:2144: found /usr/bin/mawk
configure:2155: result: mawk
configure:2166: checking whether make sets $(MAKE)
configure:2188: result: yes
configure:2326: checking for g++
configure:2342: found /usr/bin/g++
configure:2353: result: g++
configure:2380: checking for C++ compiler version
configure:2389: g++ --version >&5
g++ (Ubuntu/Linaro 4.8.0-3ubuntu3~12.04) 4.8.0
Copyright (C) 2013 Free Software Foundation, Inc.
This is free software; see the source for copying conditions.  There is NO
warranty; not even for MERCHANTABILITY or FITNESS FOR A PARTICULAR PURPOSE.

configure:2400: $? = 0
configure:2389: g++ -v >&5
Using built-in specs.
COLLECT_GCC=g++
COLLECT_LTO_WRAPPER=/usr/lib/gcc/x86_64-linux-gnu/4.8/lto-wrapper
Target: x86_64-linux-gnu
Configured with: ../src/configure -v --with-pkgversion='Ubuntu/Linaro 4.8.0-3ubuntu3~12.04' --with-bugurl=file:///usr/share/doc/gcc-4.8/README.Bugs --enable-languages=c,c++,go,fortran,objc,obj-c++ --prefix=/usr --program-suffix=-4.8 --enable-shared --enable-linker-build-id --libexecdir=/usr/lib --without-included-gettext --enable-threads=posix --with-gxx-include-dir=/usr/include/c++/4.8 --libdir=/usr/lib --enable-nls --with-sysroot=/ --enable-clocale=gnu --enable-libstdcxx-debug --enable-libstdcxx-time=yes --enable-gnu-unique-object --enable-plugin --with-system-zlib --enable-objc-gc --enable-multiarch --disable-werror --with-arch-32=i686 --with-abi=m64 --with-multilib-list=m32,m64 --with-tune=generic --enable-checking=release --build=x86_64-linux-gnu --host=x86_64-linux-gnu --target=x86_64-linux-gnu
Thread model: posix
gcc version 4.8.0 (Ubuntu/Linaro 4.8.0-3ubuntu3~12.04) 
configure:2400: $? = 0
configure:2389: g++ -V >&5
g++: error: unrecognized command line option '-V'
g++: fatal error: no input files
compilation terminated.
configure:2400: $? = 4
configure:2389: g++ -qversion >&5
g++: error: unrecognized command line option '-qversion'
g++: fatal error: no input files
compilation terminated.
configure:2400: $? = 4
configure:2420: checking whether the C++ compiler works
configure:2442: g++    conftest.cpp  >&5
configure:2446: $? = 0
configure:2494: result: yes
configure:2497: checking for C++ compiler default output file name
configure:2499: result: a.out
configure:2505: checking for suffix of executables
configure:2512: g++ -o conftest    conftest.cpp  >&5
configure:2516: $? = 0
configure:2538: result: 
configure:2560: checking whether we are cross compiling
configure:2568: g++ -o conftest    conftest.cpp  >&5
configure:2572: $? = 0
configure:2579: ./conftest
configure:2583: $? = 0
configure:2598: result: no
configure:2603: checking for suffix of object files
configure:2625: g++ -c   conftest.cpp >&5
configure:2629: $? = 0
configure:2650: result: o
configure:2654: checking whether we are using the GNU C++ compiler
configure:2673: g++ -c   conftest.cpp >&5
configure:2673: $? = 0
configure:2682: result: yes
configure:2691: checking whether g++ accepts -g
configure:2711: g++ -c -g  conftest.cpp >&5
configure:2711: $? = 0
configure:2752: result: yes
configure:2786: checking for style of include used by make
configure:2814: result: GNU
configure:2840: checking dependency style of g++
configure:2951: result: gcc3
configure:3009: checking for ranlib
configure:3025: found /usr/bin/ranlib
configure:3036: result: ranlib
configure:3226: creating ./config.status

## ---------------------- ##
## Running config.status. ##
## ---------------------- ##

This file was extended by Timing Analysis config.status 1.0, which was
generated by GNU Autoconf 2.68.  Invocation command line was

  CONFIG_FILES    = 
  CONFIG_HEADERS  = 
  CONFIG_LINKS    = 
  CONFIG_COMMANDS = 
  $ ./config.status 

on medusa

config.status:781: creating Makefile
config.status:953: executing depfiles commands

## ---------------- ##
## Cache variables. ##
## ---------------- ##

ac_cv_cxx_compiler_gnu=yes
ac_cv_env_CCC_set=
ac_cv_env_CCC_value=
ac_cv_env_CPPFLAGS_set=
ac_cv_env_CPPFLAGS_value=
ac_cv_env_CXXFLAGS_set=
ac_cv_env_CXXFLAGS_value=
ac_cv_env_CXX_set=
ac_cv_env_CXX_value=
ac_cv_env_LDFLAGS_set=
ac_cv_env_LDFLAGS_value=
ac_cv_env_LIBS_set=
ac_cv_env_LIBS_value=
ac_cv_env_build_alias_set=
ac_cv_env_build_alias_value=
ac_cv_env_host_alias_set=
ac_cv_env_host_alias_value=
ac_cv_env_target_alias_set=
ac_cv_env_target_alias_value=
ac_cv_objext=o
ac_cv_path_install='/usr/bin/install -c'
ac_cv_path_mkdir=/bin/mkdir
ac_cv_prog_AWK=mawk
ac_cv_prog_ac_ct_CXX=g++
ac_cv_prog_ac_ct_RANLIB=ranlib
ac_cv_prog_cxx_g=yes
ac_cv_prog_make_make_set=yes
am_cv_CXX_dependencies_compiler_type=gcc3

## ----------------- ##
## Output variables. ##
## ----------------- ##

ACLOCAL='${SHELL} /home/chrystian/Documents/Disciplinas/tcc/implementacao/TimingAnalysis/autotools/missing --run aclocal-1.11'
AMDEPBACKSLASH='\'
AMDEP_FALSE='#'
AMDEP_TRUE=''
AMTAR='$${TAR-tar}'
AUTOCONF='${SHELL} /home/chrystian/Documents/Disciplinas/tcc/implementacao/TimingAnalysis/autotools/missing --run autoconf'
AUTOHEADER='${SHELL} /home/chrystian/Documents/Disciplinas/tcc/implementacao/TimingAnalysis/autotools/missing --run autoheader'
AUTOMAKE='${SHELL} /home/chrystian/Documents/Disciplinas/tcc/implementacao/TimingAnalysis/autotools/missing --run automake-1.11'
AWK='mawk'
CPPFLAGS=''
CXX='g++'
CXXDEPMODE='depmode=gcc3'
CXXFLAGS='-g -O2'
CYGPATH_W='echo'
DEFS='-DPACKAGE_NAME=\"Timing\ Analysis\" -DPACKAGE_TARNAME=\"timing-analysis\" -DPACKAGE_VERSION=\"1.0\" -DPACKAGE_STRING=\"Timing\ Analysis\ 1.0\" -DPACKAGE_BUGREPORT=\"csguth@gmail.com\" -DPACKAGE_URL=\"\" -DPACKAGE=\"timing-analysis\" -DVERSION=\"1.0\"'
DEPDIR='.deps'
ECHO_C=''
ECHO_N='-n'
ECHO_T=''
EXEEXT=''
INSTALL_DATA='${INSTALL} -m 644'
INSTALL_PROGRAM='${INSTALL}'
INSTALL_SCRIPT='${INSTALL}'
INSTALL_STRIP_PROGRAM='$(install_sh) -c -s'
LDFLAGS=''
LIBOBJS=''
LIBS=''
LTLIBOBJS=''
MAKEINFO='${SHELL} /home/chrystian/Documents/Disciplinas/tcc/implementacao/TimingAnalysis/autotools/missing --run makeinfo'
MKDIR_P='/bin/mkdir -p'
OBJEXT='o'
PACKAGE='timing-analysis'
PACKAGE_BUGREPORT='csguth@gmail.com'
PACKAGE_NAME='Timing Analysis'
PACKAGE_STRING='Timing Analysis 1.0'
PACKAGE_TARNAME='timing-analysis'
PACKAGE_URL=''
PACKAGE_VERSION='1.0'
PATH_SEPARATOR=':'
RANLIB='ranlib'
SET_MAKE=''
SHELL='/bin/bash'
STRIP=''
VERSION='1.0'
ac_ct_CXX='g++'
am__EXEEXT_FALSE=''
am__EXEEXT_TRUE='#'
am__fastdepCXX_FALSE='#'
am__fastdepCXX_TRUE=''
am__include='include'
am__isrc=''
am__leading_dot='.'
am__nodep='_no'
am__quote=''
am__tar='$${TAR-tar} chof - "$$tardir"'
am__untar='$${TAR-tar} xf -'
bindir='${exec_prefix}/bin'
build_alias=''
datadir='${datarootdir}'
datarootdir='${prefix}/share'
docdir='${datarootdir}/doc/${PACKAGE_TARNAME}'
dvidir='${docdir}'
exec_prefix='${prefix}'
host_alias=''
htmldir='${docdir}'
includedir='${prefix}/include'
infodir='${datarootdir}/info'
install_sh='${SHELL} /home/chrystian/Documents/Disciplinas/tcc/implementacao/TimingAnalysis/autotools/install-sh'
libdir='${exec_prefix}/lib'
libexecdir='${exec_prefix}/libexec'
localedir='${datarootdir}/locale'
localstatedir='${prefix}/var'
mandir='${datarootdir}/man'
mkdir_p='/bin/mkdir -p'
oldincludedir='/usr/include'
pdfdir='${docdir}'
prefix='/usr/local'
program_transform_name='s,x,x,'
psdir='${docdir}'
sbindir='${exec_prefix}/sbin'
sharedstatedir='${prefix}/com'
sysconfdir='${prefix}/etc'
target_alias=''

## ----------- ##
## confdefs.h. ##
## ----------- ##

/* confdefs.h */
#define PACKAGE_NAME "Timing Analysis"
#define PACKAGE_TARNAME "timing-analysis"
#define PACKAGE_VERSION "1.0"
#define PACKAGE_STRING "Timing Analysis 1.0"
#define PACKAGE_BUGREPORT "csguth@gmail.com"
#define PACKAGE_URL ""
#define PACKAGE "timing-analysis"
#define VERSION "1.0"

configure: exit 0

## ---------------------- ##
## Running config.status. ##
## ---------------------- ##

This file was extended by Timing Analysis config.status 1.0, which was
generated by GNU Autoconf 2.68.  Invocation command line was

  CONFIG_FILES    = 
  CONFIG_HEADERS  = 
  CONFIG_LINKS    = 
  CONFIG_COMMANDS = 
  $ ./config.status Makefile depfiles

on medusa

config.status:781: creating Makefile
config.status:953: executing depfiles commands
